#
# A fatal error has been detected by the Java Runtime Environment:
#
#  Internal Error (jvmciRuntime.cpp:1609), pid=17, tid=37
#  fatal error: Fatal exception in JVMCI: Error calling jdk.vm.ci.services.Services.serializeSavedProperties
#
# JRE version: OpenJDK Runtime Environment GraalVM CE 22.3.0 (17.0.5+8) (build 17.0.5+8-jvmci-22.3-b08)
# Java VM: OpenJDK 64-Bit Server VM GraalVM CE 22.3.0 (17.0.5+8-jvmci-22.3-b08, mixed mode, sharing, tiered, jvmci, jvmci compiler, compressed oops, compressed class ptrs, parallel gc, linux-amd64)
# Problematic frame:
# V  [libjvm.so+0x972714]  JVMCIRuntime::fatal_exception(JVMCIEnv*, char const*)+0x74
#
# Core dump will be written. Default location: Core dumps may be processed with "/usr/share/apport/apport -p%p -s%s -c%c -d%d -P%P -u%u -g%g -- %E" (or dumping to /home/runner/BaekJoon1543/core.17)
#
# If you would like to submit a bug report, please visit:
#   https://github.com/oracle/graal/issues
#

---------------  S U M M A R Y ------------

Command Line: -XX:ThreadPriorityPolicy=1 -XX:+UnlockExperimentalVMOptions -XX:+EnableJVMCIProduct -XX:JVMCIThreadsPerNativeLibraryRuntime=1 -XX:-UnlockExperimentalVMOptions -Declipse.application=org.eclipse.jdt.ls.core.id1 -Dosgi.bundles.defaultStartLevel=4 -Declipse.product=org.eclipse.jdt.ls.core.product -Dlog.level=ALL -Xverify:none -XX:+UseParallelGC -XX:GCTimeRatio=4 -XX:AdaptiveSizePolicyWeight=90 -Dsun.zip.disableMemoryMapping=true -Xmx512m -Xms100m /nix/store/a7s9klvriqi68xz3qjc0qyfl5h86xc16-jdt-language-server-1.9.0/share/java/plugins/org.eclipse.equinox.launcher_1.6.400.v20210924-0641.jar --add-modules=ALL-SYSTEM --add-opens java.base/java.util=ALL-UNNAMED --add-opens java.base/java.lang=ALL-UNNAMED -configuration /home/runner/BaekJoon1543/.cache/jdt-language-server/config -data /home/runner/BaekJoon1543/.cache/jdt-language-server/data/home/runner/BaekJoon1543

Host: Intel(R) Xeon(R) CPU @ 2.20GHz, 8 cores, 1G, Ubuntu 20.04.2 LTS
Time: Mon Nov 27 23:43:25 2023 UTC elapsed time: 1736.579863 seconds (0d 0h 28m 56s)

---------------  T H R E A D  ---------------

Current thread (0x00007f95a80b1c30):  JavaThread "JVMCI-native CompilerThread0" daemon [_thread_in_vm, id=37, stack(0x00007f958cf1a000,0x00007f958d11a000)]


Current CompileTask:
JVMCI-native:1736582 9070 %     4       org.eclipse.jdt.core.compiler.CharOperation::equals @ 42 (68 bytes)

Stack: [0x00007f958cf1a000,0x00007f958d11a000],  sp=0x00007f958d118380,  free space=2040k
Native frames: (J=compiled Java code, j=interpreted, Vv=VM code, C=native code)
V  [libjvm.so+0x972714]  JVMCIRuntime::fatal_exception(JVMCIEnv*, char const*)+0x74
V  [libjvm.so+0x93e2fe]  JVMCIEnv::copy_saved_properties()+0x14e
V  [libjvm.so+0x9732a9]  JVMCIRuntime::initialize(JVMCIEnv*)+0xb19
V  [libjvm.so+0x9738a2]  JVMCIRuntime::get_HotSpotJVMCIRuntime(JVMCIEnv*)+0x12
V  [libjvm.so+0x9749f2]  JVMCIRuntime::compile_method(JVMCIEnv*, JVMCICompiler*, methodHandle const&, int)+0xd2
V  [libjvm.so+0x5b0d20]  CompileBroker::invoke_compiler_on_method(CompileTask*)+0x1470
V  [libjvm.so+0x5b12e8]  CompileBroker::compiler_thread_loop()+0x528
V  [libjvm.so+0xd82460]  JavaThread::thread_main_inner()+0xd0
V  [libjvm.so+0xd85a40]  Thread::call_run()+0xc0
V  [libjvm.so+0xbdb1e1]  thread_native_entry(Thread*)+0xe1

Register to memory mapping:

RAX=0x00007f95acbe1000 points into unknown readable memory: 0x0000000000000058 | 58 00 00 00 00 00 00 00
RBX=0x00007f95adcdc398: <offset 0x0000000000ef5398> in /nix/store/gpxl5qgg8kicmcvivwmybwjlpf7wh20l-graalvm17-ce-22.3.0/lib/server/libjvm.so at 0x00007f95acde7000
RCX=0x00007f95adc941e8: <offset 0x0000000000ead1e8> in /nix/store/gpxl5qgg8kicmcvivwmybwjlpf7wh20l-graalvm17-ce-22.3.0/lib/server/libjvm.so at 0x00007f95acde7000
RDX=0x0000000000000649 is an unknown value
RSP=0x00007f958d118380 is pointing into the stack for thread: 0x00007f95a80b1c30
RBP=0x00007f958d1183a0 is pointing into the stack for thread: 0x00007f95a80b1c30
RSI=0x00007f95adcdcc48: <offset 0x0000000000ef5c48> in /nix/store/gpxl5qgg8kicmcvivwmybwjlpf7wh20l-graalvm17-ce-22.3.0/lib/server/libjvm.so at 0x00007f95acde7000
RDI=0x00000000e0000000 is an oop: [Ljava.util.HashMap$Node; 
{0x00000000e0000000} - klass: 'java/util/HashMap$Node'[]
 - length: 2
R8 =0x00007f95adcdc398: <offset 0x0000000000ef5398> in /nix/store/gpxl5qgg8kicmcvivwmybwjlpf7wh20l-graalvm17-ce-22.3.0/lib/server/libjvm.so at 0x00007f95acde7000
R9 =0x0000000000000003 is an unknown value
R10=0x00007f95ae02dda0: <offset 0x0000000001246da0> in /nix/store/gpxl5qgg8kicmcvivwmybwjlpf7wh20l-graalvm17-ce-22.3.0/lib/server/libjvm.so at 0x00007f95acde7000
R11=0x000000080044f048 is pointing into metadata
R12=0x0 is NULL
R13=0x00007f95a80b1c30 is a thread
R14=0x00007f95a8000b80 points into unknown readable memory: 0x00007f95adf0da38 | 38 da f0 ad 95 7f 00 00
R15=0x00007f95ae01be40: <offset 0x0000000001234e40> in /nix/store/gpxl5qgg8kicmcvivwmybwjlpf7wh20l-graalvm17-ce-22.3.0/lib/server/libjvm.so at 0x00007f95acde7000


Registers:
RAX=0x00007f95acbe1000, RBX=0x00007f95adcdc398, RCX=0x00007f95adc941e8, RDX=0x0000000000000649
RSP=0x00007f958d118380, RBP=0x00007f958d1183a0, RSI=0x00007f95adcdcc48, RDI=0x00000000e0000000
R8 =0x00007f95adcdc398, R9 =0x0000000000000003, R10=0x00007f95ae02dda0, R11=0x000000080044f048
R12=0x0000000000000000, R13=0x00007f95a80b1c30, R14=0x00007f95a8000b80, R15=0x00007f95ae01be40
RIP=0x00007f95ad759714, EFLAGS=0x0000000000010206, CSGSFS=0x002b000000000033, ERR=0x0000000000000006
  TRAPNO=0x000000000000000e

Top of Stack: (sp=0x00007f958d118380)
0x00007f958d118380:   00007f958d118940 00007f95a80b1c30
0x00007f958d118390:   00007f95ac5728c8 0000000800c417a0
0x00007f958d1183a0:   00007f958d118500 00007f95ad7252fe
0x00007f958d1183b0:   00007f958d1183e0 00007f958d118440 

Instructions: (pc=0x00007f95ad759714)
0x00007f95ad759614:   30 e8 f6 cf e8 ff 4c 89 e7 e8 2e 48 d1 ff 84 db
0x00007f95ad759624:   75 2a 4d 85 ed 74 04 4d 8b 6d 00 48 83 c4 08 44
0x00007f95ad759634:   89 f9 4c 89 f2 4c 89 ee 5b 4c 89 e7 41 5c 41 5d
0x00007f95ad759644:   41 5e 41 5f 5d e9 e2 47 d1 ff 66 90 48 83 c4 08
0x00007f95ad759654:   5b 41 5c 41 5d 41 5e 41 5f 5d c3 90 31 d2 be 08
0x00007f95ad759664:   00 00 00 4c 89 ff e8 b1 78 a3 ff 49 89 c5 e9 37
0x00007f95ad759674:   ff ff ff 66 0f 1f 84 00 00 00 00 00 48 8b 7a 08
0x00007f95ad759684:   e9 6d ff ff ff 0f 1f 80 00 00 00 00 e8 5b 48 0a
0x00007f95ad759694:   00 84 c0 75 89 e9 6a ff ff ff 66 90 55 48 89 e5
0x00007f95ad7596a4:   41 56 41 55 41 54 49 89 fc 53 48 89 f3 66 48 8d
0x00007f95ad7596b4:   3d 27 5e 85 00 66 66 48 e8 df 43 8d ff 4c 8b 28
0x00007f95ad7596c4:   8b 05 be 72 8a 00 85 c0 75 14 ba 01 00 00 00 48
0x00007f95ad7596d4:   8d 0d ae 72 8a 00 f0 0f b1 11 85 c0 74 4e be c8
0x00007f95ad7596e4:   00 00 00 4c 89 ef e8 01 0b 41 00 48 8d 05 12 ac
0x00007f95ad7596f4:   85 00 49 89 d8 48 8d 0d e8 aa 53 00 ba 49 06 00
0x00007f95ad759704:   00 48 8d 35 3c 35 58 00 bf 00 00 00 e0 48 8b 00
0x00007f95ad759714:   c6 00 58 31 c0 e8 e2 91 c6 ff 5b 41 5c 41 5d 41
0x00007f95ad759724:   5e 5d e9 55 34 26 00 0f 1f 44 00 00 48 8d 05 81
0x00007f95ad759734:   a3 8b 00 48 89 df 4c 8b 30 e8 9e 43 8d ff 48 89
0x00007f95ad759744:   de 48 89 c2 49 8b 06 4c 89 f7 ff 50 08 4c 89 f7
0x00007f95ad759754:   e8 a7 5c 27 00 4d 85 e4 74 12 be 01 00 00 00 4c
0x00007f95ad759764:   89 e7 e8 35 43 fc ff eb 82 0f 1f 00 be 01 00 00
0x00007f95ad759774:   00 4c 89 ef e8 d3 fd ff ff e9 6d ff ff ff 66 66
0x00007f95ad759784:   2e 0f 1f 84 00 00 00 00 00 0f 1f 00 55 48 89 e5
0x00007f95ad759794:   41 57 41 56 41 55 41 54 53 48 81 ec 08 02 00 00
0x00007f95ad7597a4:   64 48 8b 04 25 28 00 00 00 48 89 45 c8 8b 07 83
0x00007f95ad7597b4:   f8 02 0f 84 11 04 00 00 4c 8b 6f 18 49 89 ff 49
0x00007f95ad7597c4:   89 f4 4d 85 ed 74 14 4c 89 ef e8 5d 57 22 00 41
0x00007f95ad7597d4:   8b 07 83 f8 02 0f 84 19 04 00 00 48 8d 1d 9a 06
0x00007f95ad7597e4:   8a 00 4c 8d 35 0b 3c 58 00 eb 38 90 48 85 d2 7f
0x00007f95ad7597f4:   0d 48 8d 05 b4 c0 85 00 48 83 38 00 7e 0e 41 8b
0x00007f95ad759804:   77 2c 4c 89 f7 31 c0 e8 a0 b2 f7 ff 49 8b 7f 18 


Stack slot to memory mapping:
stack at sp + 0 slots: 0x00007f958d118940 is pointing into the stack for thread: 0x00007f95a80b1c30
stack at sp + 1 slots: 0x00007f95a80b1c30 is a thread
stack at sp + 2 slots: 0x00007f95ac5728c8 points into unknown readable memory: 0x65730018052dffff | ff ff 2d 05 18 00 73 65
stack at sp + 3 slots: 0x0000000800c417a0 is a pointer to class: 
jdk.vm.ci.services.Services {0x0000000800c417a0}
 - instance size:     2
 - klass size:        65
 - access:            public final synchronized 
 - state:             fully_initialized
 - name:              'jdk/vm/ci/services/Services'
 - super:             'java/lang/Object'
 - sub:               
 - arrays:            NULL
 - methods:           Array<T>(0x00007f958d844800)
 - method ordering:   Array<T>(0x0000000800928960)
 - default_methods:   Array<T>(0x0000000000000000)
 - local interfaces:  Array<T>(0x00000008005ce810)
 - trans. interfaces: Array<T>(0x00000008005ce810)
 - constants:         constant pool [427] {0x00007f958d8438e0} for 'jdk/vm/ci/services/Services' cache=0x00007f958d845ad0
 - class loader data:  loader data: 0x00007f95a8027ce0 of 'bootstrap'
 - source file:       'Services.java'
 - class annotations:       Array<T>(0x0000000000000000)
 - class type annotations:  Array<T>(0x0000000000000000)
 - field annotations:       Array<T>(0x0000000000000000)
 - field type annotations:  Array<T>(0x0000000000000000)
 - inner classes:     Array<T>(0x00007f958d845aa0)
 - nest members:     Array<T>(0x00007f958d845ac0)
 - permitted subclasses:     Array<T>(0x00000008005ce7a0)
 - java mirror:       a 'java/lang/Class'{0x00000000e02b6cc8} = 'jdk/vm/ci/services/Services'
 - vtable length      5  (start addr: 0x0000000800c41970)
 - itable length      2 (start addr: 0x0000000800c41998)
 - ---- static fields (3 words):
 - public static final 'IS_BUILDING_NATIVE_IMAGE' 'Z' @128 
 - public static final 'IS_IN_NATIVE_IMAGE' 'Z' @129 
 - private static volatile 'savedProperties' 'Ljava/util/Map;' @112 
 - static final 'JVMCI_ENABLED' 'Z' @130 
 - private static final 'servicesCache' 'Ljava/util/Map;' @116 
 - private static final 'MAX_UNICODE_IN_UTF8_LENGTH' 'I' @120 
 - private static final 'MAX_UTF8_PROPERTY_STRING_LENGTH' 'I' @124 
 - ---- non-static fields (0 words):
 - non-static oop maps: 
stack at sp + 4 slots: 0x00007f958d118500 is pointing into the stack for thread: 0x00007f95a80b1c30
stack at sp + 5 slots: 0x00007f95ad7252fe: <offset 0x000000000093e2fe> in /nix/store/gpxl5qgg8kicmcvivwmybwjlpf7wh20l-graalvm17-ce-22.3.0/lib/server/libjvm.so at 0x00007f95acde7000
stack at sp + 6 slots: 0x00007f958d1183e0 is pointing into the stack for thread: 0x00007f95a80b1c30
stack at sp + 7 slots: 0x00007f958d118440 is pointing into the stack for thread: 0x00007f95a80b1c30


---------------  P R O C E S S  ---------------

Threads class SMR info:
_java_thread_list=0x00007f95242d6ba0, length=29, elements={
0x00007f95a8025f80, 0x00007f95a80a5f20, 0x00007f95a80a7360, 0x00007f95a80adaa0,
0x00007f95a80aee50, 0x00007f95a80b0240, 0x00007f95a80b1c30, 0x00007f95a80b3140,
0x00007f95a80b4590, 0x00007f95a80d74d0, 0x00007f95a811f340, 0x00007f95a82e6880,
0x00007f95a832e3f0, 0x00007f95a83310d0, 0x00007f953c032f40, 0x00007f953c4011c0,
0x00007f952c001110, 0x00007f9530000ff0, 0x00007f953c6089e0, 0x00007f953c659800,
0x00007f95a835c720, 0x00007f95a83f7640, 0x00007f952c010da0, 0x00007f95202952c0,
0x00007f95040123c0, 0x00007f95242eacb0, 0x00007f95201d5520, 0x00007f952018bf90,
0x00007f95242d62a0
}

Java Threads: ( => current thread )
  0x00007f95a8025f80 JavaThread "main" [_thread_blocked, id=29, stack(0x00007f95acc02000,0x00007f95acd02000)]
  0x00007f95a80a5f20 JavaThread "Reference Handler" daemon [_thread_blocked, id=32, stack(0x00007f958e0af000,0x00007f958e1af000)]
  0x00007f95a80a7360 JavaThread "Finalizer" daemon [_thread_blocked, id=33, stack(0x00007f958d700000,0x00007f958d800000)]
  0x00007f95a80adaa0 JavaThread "Signal Dispatcher" daemon [_thread_blocked, id=34, stack(0x00007f958d31a000,0x00007f958d41a000)]
  0x00007f95a80aee50 JavaThread "Service Thread" daemon [_thread_blocked, id=35, stack(0x00007f958d21a000,0x00007f958d31a000)]
  0x00007f95a80b0240 JavaThread "Monitor Deflation Thread" daemon [_thread_blocked, id=36, stack(0x00007f958d11a000,0x00007f958d21a000)]
=>0x00007f95a80b1c30 JavaThread "JVMCI-native CompilerThread0" daemon [_thread_in_vm, id=37, stack(0x00007f958cf1a000,0x00007f958d11a000)]
  0x00007f95a80b3140 JavaThread "C1 CompilerThread0" daemon [_thread_blocked, id=38, stack(0x00007f958cd1a000,0x00007f958cf1a000)]
  0x00007f95a80b4590 JavaThread "Sweeper thread" daemon [_thread_blocked, id=39, stack(0x00007f958cc1a000,0x00007f958cd1a000)]
  0x00007f95a80d74d0 JavaThread "Common-Cleaner" daemon [_thread_blocked, id=40, stack(0x00007f958cb1a000,0x00007f958cc1a000)]
  0x00007f95a811f340 JavaThread "Notification Thread" daemon [_thread_blocked, id=42, stack(0x00007f958ca1a000,0x00007f958cb1a000)]
  0x00007f95a82e6880 JavaThread "Active Thread: Equinox Container: f9c16f41-e625-4871-97a0-2830c5751215" [_thread_blocked, id=61, stack(0x00007f958c700000,0x00007f958c800000)]
  0x00007f95a832e3f0 JavaThread "Framework Event Dispatcher: Equinox Container: f9c16f41-e625-4871-97a0-2830c5751215" daemon [_thread_blocked, id=68, stack(0x00007f958c500000,0x00007f958c600000)]
  0x00007f95a83310d0 JavaThread "Start Level: Equinox Container: f9c16f41-e625-4871-97a0-2830c5751215" daemon [_thread_blocked, id=69, stack(0x00007f958c300000,0x00007f958c400000)]
  0x00007f953c032f40 JavaThread "SCR Component Actor" daemon [_thread_blocked, id=70, stack(0x00007f958c100000,0x00007f958c200000)]
  0x00007f953c4011c0 JavaThread "Worker-JM" [_thread_blocked, id=78, stack(0x00007f9554700000,0x00007f9554800000)]
  0x00007f952c001110 JavaThread "Worker-1: Java indexing... " [_thread_blocked, id=80, stack(0x00007f9554300000,0x00007f9554400000)]
  0x00007f9530000ff0 JavaThread "Worker-2: Periodic workspace save." [_thread_blocked, id=81, stack(0x00007f9554100000,0x00007f9554200000)]
  0x00007f953c6089e0 JavaThread "Java indexing" daemon [_thread_blocked, id=87, stack(0x00007f9553f00000,0x00007f9554000000)]
  0x00007f953c659800 JavaThread "Bundle File Closer" daemon [_thread_blocked, id=89, stack(0x00007f9553d00000,0x00007f9553e00000)]
  0x00007f95a835c720 JavaThread "pool-3-thread-1" [_thread_blocked, id=96, stack(0x00007f9554900000,0x00007f9554a00000)]
  0x00007f95a83f7640 JavaThread "pool-2-thread-1" [_thread_blocked, id=99, stack(0x00007f9553b00000,0x00007f9553c00000)]
  0x00007f952c010da0 JavaThread "Worker-3: Compacting resource model" [_thread_blocked, id=104, stack(0x00007f9553900000,0x00007f9553a00000)]
  0x00007f95202952c0 JavaThread "Thread-3" [_thread_blocked, id=237, stack(0x00007f9553300000,0x00007f9553400000)]
  0x00007f95040123c0 JavaThread "pool-4-thread-1" [_thread_blocked, id=383, stack(0x00007f958c600000,0x00007f958c700000)]
  0x00007f95242eacb0 JavaThread "Worker-5" [_thread_blocked, id=894, stack(0x00007f9554500000,0x00007f9554600000)]
  0x00007f95201d5520 JavaThread "Thread-42" [_thread_blocked, id=1170, stack(0x00007f9553700000,0x00007f9553800000)]
  0x00007f952018bf90 JavaThread "Thread-43" [_thread_blocked, id=1620, stack(0x00007f958c400000,0x00007f958c500000)]
  0x00007f95242d62a0 JavaThread "ForkJoinPool-1-worker-1" daemon [_thread_blocked, id=4258, stack(0x00007f9553500000,0x00007f9553600000)]

Other Threads:
  0x00007f95a80a1660 VMThread "VM Thread" [stack: 0x00007f958e1b1000,0x00007f958e2b1000] [id=31] _threads_hazard_ptr=0x00007f95242d6ba0
  0x00007f95a8120ce0 WatcherThread [stack: 0x00007f958c91a000,0x00007f958ca1a000] [id=43]
  0x00007f95a803d880 GCTaskThread "GC Thread#0" [stack: 0x00007f95ac7c5000,0x00007f95ac8c5000] [id=30]

Threads with active compile tasks:
JVMCI-native CompilerThread0  1736705 9070 %     4       org.eclipse.jdt.core.compiler.CharOperation::equals @ 42 (68 bytes)

VM state: synchronizing (normal execution)

VM Mutex/Monitor currently owned by a thread:  ([mutex/lock_event])
[0x00007f95a8023130] Threads_lock - owner thread: 0x00007f95a80a1660
[0x00007f95a80238e0] Heap_lock - owner thread: 0x00007f953c6089e0

OutOfMemory and StackOverflow Exception counts:
OutOfMemoryError java_heap_errors=1
LinkageErrors=46

Heap address: 0x00000000e0000000, size: 512 MB, Compressed Oops mode: 32-bit

CDS archive(s) mapped at: [0x0000000800000000-0x0000000800bc8000-0x0000000800bc8000), size 12353536, SharedBaseAddress: 0x0000000800000000, ArchiveRelocationMode: 0.
Compressed class space mapped at: 0x0000000800c00000-0x0000000840c00000, reserved size: 1073741824
Narrow klass base: 0x0000000800000000, Narrow klass shift: 0, Narrow klass range: 0x100000000

GC Precious Log:
 CPUs: 8 total, 1 available
 Memory: 1024M
 Large Page Support: Disabled
 NUMA Support: Disabled
 Compressed Oops: Enabled (32-bit)
 Alignments: Space 512K, Generation 512K, Heap 2M
 Heap Min Capacity: 100M
 Heap Initial Capacity: 100M
 Heap Max Capacity: 512M
 Pre-touch: Disabled
 Parallel Workers: 1

Heap:
 PSYoungGen      total 33280K, used 23551K [0x00000000f5580000, 0x00000000f9280000, 0x0000000100000000)
  eden space 23552K, 99% used [0x00000000f5580000,0x00000000f6c7fff8,0x00000000f6c80000)
  from space 9728K, 0% used [0x00000000f7f00000,0x00000000f7f00000,0x00000000f8880000)
  to   space 18944K, 0% used [0x00000000f6c80000,0x00000000f6c80000,0x00000000f7f00000)
 ParOldGen       total 349696K, used 349695K [0x00000000e0000000, 0x00000000f5580000, 0x00000000f5580000)
  object space 349696K, 99% used [0x00000000e0000000,0x00000000f557ff88,0x00000000f5580000)
 Metaspace       used 54861K, committed 55744K, reserved 1105920K
  class space    used 5149K, committed 5504K, reserved 1048576K

Card table byte_map: [0x00007f95ac8c5000,0x00007f95ac9c6000] _byte_map_base: 0x00007f95ac1c5000

Marking Bits: (ParMarkBitMap*) 0x00007f95ae0154c0
 Begin Bits: [0x00007f958e4b3000, 0x00007f958ecb3000)
 End Bits:   [0x00007f958ecb3000, 0x00007f958f4b3000)

Polling page: 0x00007f95acbdf000

Metaspace:

Usage:
  Non-class:     48.55 MB used.
      Class:      5.03 MB used.
       Both:     53.58 MB used.

Virtual space:
  Non-class space:       56.00 MB reserved,      49.06 MB ( 88%) committed,  7 nodes.
      Class space:        1.00 GB reserved,       5.38 MB ( <1%) committed,  1 nodes.
             Both:        1.05 GB reserved,      54.44 MB (  5%) committed. 

Chunk freelists:
   Non-Class:  2.08 MB
       Class:  2.66 MB
        Both:  4.74 MB

MaxMetaspaceSize: unlimited
CompressedClassSpaceSize: 1.00 GB
Initial GC threshold: 21.00 MB
Current GC threshold: 90.62 MB
CDS: on
MetaspaceReclaimPolicy: balanced
 - commit_granule_bytes: 65536.
 - commit_granule_words: 8192.
 - virtual_space_node_default_size: 1048576.
 - enlarge_chunks_in_place: 1.
 - new_chunks_are_fully_committed: 0.
 - uncommit_free_chunks: 1.
 - use_allocation_guard: 0.
 - handle_deallocations: 1.


Internal statistics:

num_allocs_failed_limit: 6.
num_arena_births: 342.
num_arena_deaths: 58.
num_vsnodes_births: 8.
num_vsnodes_deaths: 0.
num_space_committed: 868.
num_space_uncommitted: 0.
num_chunks_returned_to_freelist: 77.
num_chunks_taken_from_freelist: 2586.
num_chunk_merges: 30.
num_chunk_splits: 1714.
num_chunks_enlarged: 1078.
num_purges: 6.
num_inconsistent_stats: 0.

CodeHeap 'non-profiled nmethods': size=120036Kb used=2253Kb max_used=2271Kb free=117782Kb
 bounds [0x00007f9596f7a000, 0x00007f95971ea000, 0x00007f959e4b3000]
CodeHeap 'profiled nmethods': size=120032Kb used=14840Kb max_used=17225Kb free=105191Kb
 bounds [0x00007f958fa42000, 0x00007f9590b22000, 0x00007f9596f7a000]
CodeHeap 'non-nmethods': size=5692Kb used=1365Kb max_used=1375Kb free=4326Kb
 bounds [0x00007f958f4b3000, 0x00007f958f723000, 0x00007f958fa42000]
 total_blobs=7448 nmethods=6748 adapters=580
 compilation: enabled
              stopped_count=0, restarted_count=0
 full_count=0

JVMCI Events (20 events):
Event: 1112.618 Thread 0x00007f95a80b1c30 created JavaVM[8]@0x00007f9552d9e340 for JVMCI runtime 0
Event: 1114.573 Thread 0x00007f95a80b1c30 initializing JVMCI runtime 0
Event: 1114.573 Thread 0x00007f95a80b1c30 done waiting for JavaVM references initialization in JVMCI runtime 0
Event: 1198.621 Thread 0x00007f95a80b1c30 initialized JVMCI runtime 0
Event: 1209.600 Thread 0x00007f95a80b1c30 compacted oop handles in JVMCI runtime 0 from 57 to 56
Event: 1304.297 Thread 0x00007f95a80b1c30 compacted oop handles in JVMCI runtime 0 from 79 to 73
Event: 1304.298 Thread 0x00007f95a80b1c30 compacted oop handles in JVMCI runtime 0 from 73 to 64
Event: 1317.141 Thread 0x00007f95a80b1c30 compacted oop handles in JVMCI runtime 0 from 81 to 80
Event: 1319.324 Thread 0x00007f95a80b1c30 detaching from JVMCI runtime 0: releasing idle compiler thread (0 other threads still attached)
Event: 1319.324 Thread 0x00007f95a80b1c30 shutting down HotSpotJVMCIRuntime for JVMCI runtime 0
Event: 1319.324 Thread 0x00007f95a80b1c30 compacted oop handles in JVMCI runtime 0 from 80 to 44
Event: 1319.324 Thread 0x00007f95a80b1c30 shut down JVMCI runtime 0
Event: 1321.322 Thread 0x00007f95a80b1c30 destroyed JavaVM[8]@0x00007f9552d9e340 for JVMCI runtime 0
Event: 1321.322 Thread 0x00007f95a80b1c30 compacted oop handles in JVMCI runtime 0 from 44 to 44
Event: 1321.322 Thread 0x00007f95a80b1c30 releasing handles for JVMCI runtime 0: oop handles=44, metadata handles={total=160, live=146, blocks=32}
Event: 1321.322 Thread 0x00007f95a80b1c30 detached from JVMCI runtime 0
Event: 1672.095 Thread 0x00007f95a80b1c30 attached to JVMCI runtime 0
Event: 1672.098 Thread 0x00007f95a80b1c30 created JavaVM[9]@0x00007f9552d9e340 for JVMCI runtime 0
Event: 1674.127 Thread 0x00007f95a80b1c30 initializing JVMCI runtime 0
Event: 1674.127 Thread 0x00007f95a80b1c30 done waiting for JavaVM references initialization in JVMCI runtime 0

Compilation events (20 events):
Event: 1209.600 Thread 0x00007f95a80b1c30 nmethod 9056 0x00007f9597104210 code [0x00007f95971043c0, 0x00007f9597104788]
Event: 1209.600 Thread 0x00007f95a80b1c30 9060       4       org.eclipse.jdt.internal.compiler.lookup.ModuleBinding::getOrCreateDeclaredPackage (136 bytes)
Event: 1304.297 Thread 0x00007f95a80b1c30 nmethod 9060 0x00007f9597100410 code [0x00007f9597100760, 0x00007f9597102d58]
Event: 1304.297 Thread 0x00007f95a80b1c30 9061       4       org.eclipse.jdt.internal.compiler.lookup.ModuleBinding::recordExportRestrictions (98 bytes)
Event: 1310.503 Thread 0x00007f95a80b1c30 nmethod 9061 0x00007f95970ff310 code [0x00007f95970ff4e0, 0x00007f95970ffe80]
Event: 1310.503 Thread 0x00007f95a80b1c30 9057       4       java.util.concurrent.ConcurrentHashMap$EntryIterator::next (51 bytes)
Event: 1317.141 Thread 0x00007f95a80b1c30 nmethod 9057 0x00007f95970fec10 code [0x00007f95970feda0, 0x00007f95970ff0e8]
Event: 1367.676 Thread 0x00007f95a80b3140 9063       3       java.util.concurrent.locks.AbstractQueuedSynchronizer$Node::<init> (5 bytes)
Event: 1367.677 Thread 0x00007f95a80b3140 nmethod 9063 0x00007f958fb9df90 code [0x00007f958fb9e140, 0x00007f958fb9e290]
Event: 1405.594 Thread 0x00007f95a80b3140 9064       3       java.util.concurrent.locks.AbstractQueuedSynchronizer$Node::clearStatus (12 bytes)
Event: 1405.594 Thread 0x00007f95a80b3140 nmethod 9064 0x00007f958fc1c510 code [0x00007f958fc1c6c0, 0x00007f958fc1c820]
Event: 1405.594 Thread 0x00007f95a80b3140 9065       3       jdk.internal.misc.Unsafe::putIntOpaque (9 bytes)
Event: 1405.594 Thread 0x00007f95a80b3140 nmethod 9065 0x00007f958fac9790 code [0x00007f958fac9920, 0x00007f958fac9a30]
Event: 1461.077 Thread 0x00007f95a80b3140 9066       3       java.util.concurrent.locks.LockSupport::parkNanos (29 bytes)
Event: 1461.078 Thread 0x00007f95a80b3140 nmethod 9066 0x00007f958fad3b10 code [0x00007f958fad3ce0, 0x00007f958fad3ee0]
Event: 1579.192 Thread 0x00007f95a80b3140 9068   !   3       java.util.concurrent.locks.AbstractQueuedSynchronizer::acquire (407 bytes)
Event: 1583.004 Thread 0x00007f95a80b3140 nmethod 9068 0x00007f958fa74410 code [0x00007f958fa74780, 0x00007f958fa765a0]
Event: 1618.384 Thread 0x00007f95a80b3140 9069       3       java.util.concurrent.ThreadPoolExecutor::workerCountOf (5 bytes)
Event: 1621.923 Thread 0x00007f95a80b3140 nmethod 9069 0x00007f958ff95790 code [0x00007f958ff95920, 0x00007f958ff95a10]
Event: 1672.095 Thread 0x00007f95a80b1c30 9070 %     4       org.eclipse.jdt.core.compiler.CharOperation::equals @ 42 (68 bytes)

GC Heap History (20 events):
Event: 1715.938 GC heap before
{Heap before GC invocations=875 (full 766):
 PSYoungGen      total 33280K, used 23551K [0x00000000f5580000, 0x00000000f9280000, 0x0000000100000000)
  eden space 23552K, 99% used [0x00000000f5580000,0x00000000f6c7fff0,0x00000000f6c80000)
  from space 9728K, 0% used [0x00000000f7f00000,0x00000000f7f00000,0x00000000f8880000)
  to   space 18944K, 0% used [0x00000000f6c80000,0x00000000f6c80000,0x00000000f7f00000)
 ParOldGen       total 349696K, used 349689K [0x00000000e0000000, 0x00000000f5580000, 0x00000000f5580000)
  object space 349696K, 99% used [0x00000000e0000000,0x00000000f557e618,0x00000000f5580000)
 Metaspace       used 54861K, committed 55744K, reserved 1105920K
  class space    used 5149K, committed 5504K, reserved 1048576K
}
Event: 1718.087 GC heap after
{Heap after GC invocations=875 (full 766):
 PSYoungGen      total 42496K, used 23551K [0x00000000f5580000, 0x00000000f9280000, 0x0000000100000000)
  eden space 23552K, 99% used [0x00000000f5580000,0x00000000f6c7ffd8,0x00000000f6c80000)
  from space 18944K, 0% used [0x00000000f6c80000,0x00000000f6c80000,0x00000000f7f00000)
  to   space 9728K, 0% used [0x00000000f7f00000,0x00000000f7f00000,0x00000000f8880000)
 ParOldGen       total 349696K, used 349689K [0x00000000e0000000, 0x00000000f5580000, 0x00000000f5580000)
  object space 349696K, 99% used [0x00000000e0000000,0x00000000f557e618,0x00000000f5580000)
 Metaspace       used 54861K, committed 55744K, reserved 1105920K
  class space    used 5149K, committed 5504K, reserved 1048576K
}
Event: 1718.087 GC heap before
{Heap before GC invocations=876 (full 767):
 PSYoungGen      total 42496K, used 23551K [0x00000000f5580000, 0x00000000f9280000, 0x0000000100000000)
  eden space 23552K, 99% used [0x00000000f5580000,0x00000000f6c7fff0,0x00000000f6c80000)
  from space 18944K, 0% used [0x00000000f6c80000,0x00000000f6c80000,0x00000000f7f00000)
  to   space 9728K, 0% used [0x00000000f7f00000,0x00000000f7f00000,0x00000000f8880000)
 ParOldGen       total 349696K, used 349689K [0x00000000e0000000, 0x00000000f5580000, 0x00000000f5580000)
  object space 349696K, 99% used [0x00000000e0000000,0x00000000f557e618,0x00000000f5580000)
 Metaspace       used 54861K, committed 55744K, reserved 1105920K
  class space    used 5149K, committed 5504K, reserved 1048576K
}
Event: 1720.008 GC heap after
{Heap after GC invocations=876 (full 767):
 PSYoungGen      total 33280K, used 23551K [0x00000000f5580000, 0x00000000f9280000, 0x0000000100000000)
  eden space 23552K, 99% used [0x00000000f5580000,0x00000000f6c7fff0,0x00000000f6c80000)
  from space 9728K, 0% used [0x00000000f7f00000,0x00000000f7f00000,0x00000000f8880000)
  to   space 18944K, 0% used [0x00000000f6c80000,0x00000000f6c80000,0x00000000f7f00000)
 ParOldGen       total 349696K, used 349689K [0x00000000e0000000, 0x00000000f5580000, 0x00000000f5580000)
  object space 349696K, 99% used [0x00000000e0000000,0x00000000f557e618,0x00000000f5580000)
 Metaspace       used 54861K, committed 55744K, reserved 1105920K
  class space    used 5149K, committed 5504K, reserved 1048576K
}
Event: 1720.009 GC heap before
{Heap before GC invocations=877 (full 768):
 PSYoungGen      total 33280K, used 23551K [0x00000000f5580000, 0x00000000f9280000, 0x0000000100000000)
  eden space 23552K, 99% used [0x00000000f5580000,0x00000000f6c7fff0,0x00000000f6c80000)
  from space 9728K, 0% used [0x00000000f7f00000,0x00000000f7f00000,0x00000000f8880000)
  to   space 18944K, 0% used [0x00000000f6c80000,0x00000000f6c80000,0x00000000f7f00000)
 ParOldGen       total 349696K, used 349691K [0x00000000e0000000, 0x00000000f5580000, 0x00000000f5580000)
  object space 349696K, 99% used [0x00000000e0000000,0x00000000f557ed70,0x00000000f5580000)
 Metaspace       used 54861K, committed 55744K, reserved 1105920K
  class space    used 5149K, committed 5504K, reserved 1048576K
}
Event: 1722.126 GC heap after
{Heap after GC invocations=877 (full 768):
 PSYoungGen      total 42496K, used 23551K [0x00000000f5580000, 0x00000000f9280000, 0x0000000100000000)
  eden space 23552K, 99% used [0x00000000f5580000,0x00000000f6c7fee8,0x00000000f6c80000)
  from space 18944K, 0% used [0x00000000f6c80000,0x00000000f6c80000,0x00000000f7f00000)
  to   space 9728K, 0% used [0x00000000f7f00000,0x00000000f7f00000,0x00000000f8880000)
 ParOldGen       total 349696K, used 349691K [0x00000000e0000000, 0x00000000f5580000, 0x00000000f5580000)
  object space 349696K, 99% used [0x00000000e0000000,0x00000000f557ed40,0x00000000f5580000)
 Metaspace       used 54861K, committed 55744K, reserved 1105920K
  class space    used 5149K, committed 5504K, reserved 1048576K
}
Event: 1722.127 GC heap before
{Heap before GC invocations=878 (full 769):
 PSYoungGen      total 42496K, used 23551K [0x00000000f5580000, 0x00000000f9280000, 0x0000000100000000)
  eden space 23552K, 99% used [0x00000000f5580000,0x00000000f6c7fff0,0x00000000f6c80000)
  from space 18944K, 0% used [0x00000000f6c80000,0x00000000f6c80000,0x00000000f7f00000)
  to   space 9728K, 0% used [0x00000000f7f00000,0x00000000f7f00000,0x00000000f8880000)
 ParOldGen       total 349696K, used 349691K [0x00000000e0000000, 0x00000000f5580000, 0x00000000f5580000)
  object space 349696K, 99% used [0x00000000e0000000,0x00000000f557ed40,0x00000000f5580000)
 Metaspace       used 54861K, committed 55744K, reserved 1105920K
  class space    used 5149K, committed 5504K, reserved 1048576K
}
Event: 1724.130 GC heap after
{Heap after GC invocations=878 (full 769):
 PSYoungGen      total 33280K, used 23551K [0x00000000f5580000, 0x00000000f9280000, 0x0000000100000000)
  eden space 23552K, 99% used [0x00000000f5580000,0x00000000f6c7fff0,0x00000000f6c80000)
  from space 9728K, 0% used [0x00000000f7f00000,0x00000000f7f00000,0x00000000f8880000)
  to   space 18944K, 0% used [0x00000000f6c80000,0x00000000f6c80000,0x00000000f7f00000)
 ParOldGen       total 349696K, used 349691K [0x00000000e0000000, 0x00000000f5580000, 0x00000000f5580000)
  object space 349696K, 99% used [0x00000000e0000000,0x00000000f557ed40,0x00000000f5580000)
 Metaspace       used 54861K, committed 55744K, reserved 1105920K
  class space    used 5149K, committed 5504K, reserved 1048576K
}
Event: 1724.132 GC heap before
{Heap before GC invocations=879 (full 770):
 PSYoungGen      total 33280K, used 23551K [0x00000000f5580000, 0x00000000f9280000, 0x0000000100000000)
  eden space 23552K, 99% used [0x00000000f5580000,0x00000000f6c7fff0,0x00000000f6c80000)
  from space 9728K, 0% used [0x00000000f7f00000,0x00000000f7f00000,0x00000000f8880000)
  to   space 18944K, 0% used [0x00000000f6c80000,0x00000000f6c80000,0x00000000f7f00000)
 ParOldGen       total 349696K, used 349692K [0x00000000e0000000, 0x00000000f5580000, 0x00000000f5580000)
  object space 349696K, 99% used [0x00000000e0000000,0x00000000f557f358,0x00000000f5580000)
 Metaspace       used 54861K, committed 55744K, reserved 1105920K
  class space    used 5149K, committed 5504K, reserved 1048576K
}
Event: 1726.240 GC heap after
{Heap after GC invocations=879 (full 770):
 PSYoungGen      total 42496K, used 23551K [0x00000000f5580000, 0x00000000f9280000, 0x0000000100000000)
  eden space 23552K, 99% used [0x00000000f5580000,0x00000000f6c7ffd8,0x00000000f6c80000)
  from space 18944K, 0% used [0x00000000f6c80000,0x00000000f6c80000,0x00000000f7f00000)
  to   space 9728K, 0% used [0x00000000f7f00000,0x00000000f7f00000,0x00000000f8880000)
 ParOldGen       total 349696K, used 349692K [0x00000000e0000000, 0x00000000f5580000, 0x00000000f5580000)
  object space 349696K, 99% used [0x00000000e0000000,0x00000000f557f358,0x00000000f5580000)
 Metaspace       used 54861K, committed 55744K, reserved 1105920K
  class space    used 5149K, committed 5504K, reserved 1048576K
}
Event: 1726.243 GC heap before
{Heap before GC invocations=880 (full 771):
 PSYoungGen      total 42496K, used 23551K [0x00000000f5580000, 0x00000000f9280000, 0x0000000100000000)
  eden space 23552K, 99% used [0x00000000f5580000,0x00000000f6c7fff0,0x00000000f6c80000)
  from space 18944K, 0% used [0x00000000f6c80000,0x00000000f6c80000,0x00000000f7f00000)
  to   space 9728K, 0% used [0x00000000f7f00000,0x00000000f7f00000,0x00000000f8880000)
 ParOldGen       total 349696K, used 349692K [0x00000000e0000000, 0x00000000f5580000, 0x00000000f5580000)
  object space 349696K, 99% used [0x00000000e0000000,0x00000000f557f358,0x00000000f5580000)
 Metaspace       used 54861K, committed 55744K, reserved 1105920K
  class space    used 5149K, committed 5504K, reserved 1048576K
}
Event: 1728.163 GC heap after
{Heap after GC invocations=880 (full 771):
 PSYoungGen      total 33280K, used 23551K [0x00000000f5580000, 0x00000000f9280000, 0x0000000100000000)
  eden space 23552K, 99% used [0x00000000f5580000,0x00000000f6c7fff0,0x00000000f6c80000)
  from space 9728K, 0% used [0x00000000f7f00000,0x00000000f7f00000,0x00000000f8880000)
  to   space 18944K, 0% used [0x00000000f6c80000,0x00000000f6c80000,0x00000000f7f00000)
 ParOldGen       total 349696K, used 349692K [0x00000000e0000000, 0x00000000f5580000, 0x00000000f5580000)
  object space 349696K, 99% used [0x00000000e0000000,0x00000000f557f358,0x00000000f5580000)
 Metaspace       used 54861K, committed 55744K, reserved 1105920K
  class space    used 5149K, committed 5504K, reserved 1048576K
}
Event: 1728.163 GC heap before
{Heap before GC invocations=881 (full 772):
 PSYoungGen      total 33280K, used 23551K [0x00000000f5580000, 0x00000000f9280000, 0x0000000100000000)
  eden space 23552K, 99% used [0x00000000f5580000,0x00000000f6c7fff0,0x00000000f6c80000)
  from space 9728K, 0% used [0x00000000f7f00000,0x00000000f7f00000,0x00000000f8880000)
  to   space 18944K, 0% used [0x00000000f6c80000,0x00000000f6c80000,0x00000000f7f00000)
 ParOldGen       total 349696K, used 349694K [0x00000000e0000000, 0x00000000f5580000, 0x00000000f5580000)
  object space 349696K, 99% used [0x00000000e0000000,0x00000000f557fa50,0x00000000f5580000)
 Metaspace       used 54861K, committed 55744K, reserved 1105920K
  class space    used 5149K, committed 5504K, reserved 1048576K
}
Event: 1730.470 GC heap after
{Heap after GC invocations=881 (full 772):
 PSYoungGen      total 42496K, used 23551K [0x00000000f5580000, 0x00000000f9280000, 0x0000000100000000)
  eden space 23552K, 99% used [0x00000000f5580000,0x00000000f6c7ff60,0x00000000f6c80000)
  from space 18944K, 0% used [0x00000000f6c80000,0x00000000f6c80000,0x00000000f7f00000)
  to   space 9728K, 0% used [0x00000000f7f00000,0x00000000f7f00000,0x00000000f8880000)
 ParOldGen       total 349696K, used 349694K [0x00000000e0000000, 0x00000000f5580000, 0x00000000f5580000)
  object space 349696K, 99% used [0x00000000e0000000,0x00000000f557fa08,0x00000000f5580000)
 Metaspace       used 54861K, committed 55744K, reserved 1105920K
  class space    used 5149K, committed 5504K, reserved 1048576K
}
Event: 1730.470 GC heap before
{Heap before GC invocations=882 (full 773):
 PSYoungGen      total 42496K, used 23551K [0x00000000f5580000, 0x00000000f9280000, 0x0000000100000000)
  eden space 23552K, 99% used [0x00000000f5580000,0x00000000f6c7fff8,0x00000000f6c80000)
  from space 18944K, 0% used [0x00000000f6c80000,0x00000000f6c80000,0x00000000f7f00000)
  to   space 9728K, 0% used [0x00000000f7f00000,0x00000000f7f00000,0x00000000f8880000)
 ParOldGen       total 349696K, used 349694K [0x00000000e0000000, 0x00000000f5580000, 0x00000000f5580000)
  object space 349696K, 99% used [0x00000000e0000000,0x00000000f557fa08,0x00000000f5580000)
 Metaspace       used 54861K, committed 55744K, reserved 1105920K
  class space    used 5149K, committed 5504K, reserved 1048576K
}
Event: 1732.550 GC heap after
{Heap after GC invocations=882 (full 773):
 PSYoungGen      total 33280K, used 23551K [0x00000000f5580000, 0x00000000f9280000, 0x0000000100000000)
  eden space 23552K, 99% used [0x00000000f5580000,0x00000000f6c7fff8,0x00000000f6c80000)
  from space 9728K, 0% used [0x00000000f7f00000,0x00000000f7f00000,0x00000000f8880000)
  to   space 18944K, 0% used [0x00000000f6c80000,0x00000000f6c80000,0x00000000f7f00000)
 ParOldGen       total 349696K, used 349694K [0x00000000e0000000, 0x00000000f5580000, 0x00000000f5580000)
  object space 349696K, 99% used [0x00000000e0000000,0x00000000f557fa08,0x00000000f5580000)
 Metaspace       used 54861K, committed 55744K, reserved 1105920K
  class space    used 5149K, committed 5504K, reserved 1048576K
}
Event: 1732.551 GC heap before
{Heap before GC invocations=883 (full 774):
 PSYoungGen      total 33280K, used 23551K [0x00000000f5580000, 0x00000000f9280000, 0x0000000100000000)
  eden space 23552K, 99% used [0x00000000f5580000,0x00000000f6c7fff8,0x00000000f6c80000)
  from space 9728K, 0% used [0x00000000f7f00000,0x00000000f7f00000,0x00000000f8880000)
  to   space 18944K, 0% used [0x00000000f6c80000,0x00000000f6c80000,0x00000000f7f00000)
 ParOldGen       total 349696K, used 349694K [0x00000000e0000000, 0x00000000f5580000, 0x00000000f5580000)
  object space 349696K, 99% used [0x00000000e0000000,0x00000000f557fbb0,0x00000000f5580000)
 Metaspace       used 54861K, committed 55744K, reserved 1105920K
  class space    used 5149K, committed 5504K, reserved 1048576K
}
Event: 1734.545 GC heap after
{Heap after GC invocations=883 (full 774):
 PSYoungGen      total 42496K, used 23551K [0x00000000f5580000, 0x00000000f9280000, 0x0000000100000000)
  eden space 23552K, 99% used [0x00000000f5580000,0x00000000f6c7ffc0,0x00000000f6c80000)
  from space 18944K, 0% used [0x00000000f6c80000,0x00000000f6c80000,0x00000000f7f00000)
  to   space 9728K, 0% used [0x00000000f7f00000,0x00000000f7f00000,0x00000000f8880000)
 ParOldGen       total 349696K, used 349694K [0x00000000e0000000, 0x00000000f5580000, 0x00000000f5580000)
  object space 349696K, 99% used [0x00000000e0000000,0x00000000f557fa80,0x00000000f5580000)
 Metaspace       used 54861K, committed 55744K, reserved 1105920K
  class space    used 5149K, committed 5504K, reserved 1048576K
}
Event: 1734.546 GC heap before
{Heap before GC invocations=884 (full 775):
 PSYoungGen      total 42496K, used 23551K [0x00000000f5580000, 0x00000000f9280000, 0x0000000100000000)
  eden space 23552K, 99% used [0x00000000f5580000,0x00000000f6c7ffc0,0x00000000f6c80000)
  from space 18944K, 0% used [0x00000000f6c80000,0x00000000f6c80000,0x00000000f7f00000)
  to   space 9728K, 0% used [0x00000000f7f00000,0x00000000f7f00000,0x00000000f8880000)
 ParOldGen       total 349696K, used 349694K [0x00000000e0000000, 0x00000000f5580000, 0x00000000f5580000)
  object space 349696K, 99% used [0x00000000e0000000,0x00000000f557fa80,0x00000000f5580000)
 Metaspace       used 54861K, committed 55744K, reserved 1105920K
  class space    used 5149K, committed 5504K, reserved 1048576K
}
Event: 1736.546 GC heap after
{Heap after GC invocations=884 (full 775):
 PSYoungGen      total 33280K, used 23551K [0x00000000f5580000, 0x00000000f9280000, 0x0000000100000000)
  eden space 23552K, 99% used [0x00000000f5580000,0x00000000f6c7ffc0,0x00000000f6c80000)
  from space 9728K, 0% used [0x00000000f7f00000,0x00000000f7f00000,0x00000000f8880000)
  to   space 18944K, 0% used [0x00000000f6c80000,0x00000000f6c80000,0x00000000f7f00000)
 ParOldGen       total 349696K, used 349694K [0x00000000e0000000, 0x00000000f5580000, 0x00000000f5580000)
  object space 349696K, 99% used [0x00000000e0000000,0x00000000f557f898,0x00000000f5580000)
 Metaspace       used 54861K, committed 55744K, reserved 1105920K
  class space    used 5149K, committed 5504K, reserved 1048576K
}

Dll operation events (8 events):
Event: 0.003 Loaded shared library /nix/store/gpxl5qgg8kicmcvivwmybwjlpf7wh20l-graalvm17-ce-22.3.0/lib/libjava.so
Event: 0.023 Loaded shared library /nix/store/gpxl5qgg8kicmcvivwmybwjlpf7wh20l-graalvm17-ce-22.3.0/lib/libjsvml.so
Event: 0.285 Loaded shared library /nix/store/gpxl5qgg8kicmcvivwmybwjlpf7wh20l-graalvm17-ce-22.3.0/lib/libnio.so
Event: 0.295 Loaded shared library /nix/store/gpxl5qgg8kicmcvivwmybwjlpf7wh20l-graalvm17-ce-22.3.0/lib/libzip.so
Event: 0.303 Loaded shared library /nix/store/gpxl5qgg8kicmcvivwmybwjlpf7wh20l-graalvm17-ce-22.3.0/lib/libjvmcicompiler.so
Event: 0.695 Loaded shared library /nix/store/gpxl5qgg8kicmcvivwmybwjlpf7wh20l-graalvm17-ce-22.3.0/lib/libjimage.so
Event: 3.491 Loaded shared library /nix/store/gpxl5qgg8kicmcvivwmybwjlpf7wh20l-graalvm17-ce-22.3.0/lib/libnet.so
Event: 5.496 Loaded shared library /home/runner/BaekJoon1543/.cache/jdt-language-server/config/org.eclipse.equinox.launcher/org.eclipse.equinox.launcher.gtk.linux.x86_64_1.2.400.v20211117-0650/eclipse_11600.so

Deoptimization events (20 events):
Event: 183.378 Thread 0x00007f953c6089e0 DEOPT PACKING pc=0x00007f95901ed6dd sp=0x00007f9553ffe530
Event: 183.378 Thread 0x00007f953c6089e0 DEOPT UNPACKING pc=0x00007f958f505325 sp=0x00007f9553ffda20 mode 0
Event: 183.382 Thread 0x00007f953c6089e0 DEOPT PACKING pc=0x00007f95901ed6dd sp=0x00007f9553ffe530
Event: 183.382 Thread 0x00007f953c6089e0 DEOPT UNPACKING pc=0x00007f958f505325 sp=0x00007f9553ffda20 mode 0
Event: 183.387 Thread 0x00007f953c6089e0 DEOPT PACKING pc=0x00007f95901ed6dd sp=0x00007f9553ffe530
Event: 183.387 Thread 0x00007f953c6089e0 DEOPT UNPACKING pc=0x00007f958f505325 sp=0x00007f9553ffda20 mode 0
Event: 183.389 Thread 0x00007f953c6089e0 DEOPT PACKING pc=0x00007f95901ed6dd sp=0x00007f9553ffe530
Event: 183.389 Thread 0x00007f953c6089e0 DEOPT UNPACKING pc=0x00007f958f505325 sp=0x00007f9553ffda20 mode 0
Event: 335.089 Thread 0x00007f95a83f7640 Uncommon trap: trap_request=0xffffffed fr.pc=0x00007f9597133b77 relative=0x0000000000000b77
Event: 335.089 Thread 0x00007f95a83f7640 Uncommon trap: reason=null_assert_or_unreached0 action=reinterpret pc=0x00007f9597133b77 method=com.google.gson.stream.JsonReader.doPeek()I @ 691 jvmci
Event: 335.089 Thread 0x00007f95a83f7640 DEOPT PACKING pc=0x00007f9597133b77 sp=0x00007f9553bfde50
Event: 335.089 Thread 0x00007f95a83f7640 DEOPT UNPACKING pc=0x00007f958f505325 sp=0x00007f9553bfd2f0 mode 3
Event: 603.190 Thread 0x00007f95201d5520 Uncommon trap: trap_request=0xffffffed fr.pc=0x00007f95971314cf relative=0x000000000000004f
Event: 603.190 Thread 0x00007f95201d5520 Uncommon trap: reason=null_assert_or_unreached0 action=reinterpret pc=0x00007f95971314cf method=org.eclipse.core.internal.resources.ResourceInfo.isSet(II)Z @ 0 jvmci
Event: 603.190 Thread 0x00007f95201d5520 DEOPT PACKING pc=0x00007f95971314cf sp=0x00007f95537fe200
Event: 603.190 Thread 0x00007f95201d5520 DEOPT UNPACKING pc=0x00007f958f505325 sp=0x00007f95537fd6a8 mode 3
Event: 709.730 Thread 0x00007f95201d5520 Uncommon trap: trap_request=0xffffffcd fr.pc=0x00007f95971aee4a relative=0x000000000000160a
Event: 709.730 Thread 0x00007f95201d5520 Uncommon trap: reason=intrinsic_or_type_checked_inlining action=reinterpret pc=0x00007f95971aee4a method=org.eclipse.jdt.internal.compiler.parser.Parser.consumeRule(I)V @ 0 jvmci
Event: 709.730 Thread 0x00007f95201d5520 DEOPT PACKING pc=0x00007f95971aee4a sp=0x00007f95537fde40
Event: 709.730 Thread 0x00007f95201d5520 DEOPT UNPACKING pc=0x00007f958f505325 sp=0x00007f95537fd2d8 mode 3

Classes unloaded (20 events):
Event: 175.078 Thread 0x00007f95a80a1660 Unloading class 0x0000000800d9d000 'java/lang/invoke/LambdaForm$MH+0x0000000800d9d000'
Event: 175.078 Thread 0x00007f95a80a1660 Unloading class 0x0000000800d9cc00 'java/lang/invoke/LambdaForm$MH+0x0000000800d9cc00'
Event: 175.078 Thread 0x00007f95a80a1660 Unloading class 0x0000000800d9c800 'java/lang/invoke/LambdaForm$MH+0x0000000800d9c800'
Event: 175.078 Thread 0x00007f95a80a1660 Unloading class 0x0000000800d9c400 'java/lang/invoke/LambdaForm$MH+0x0000000800d9c400'
Event: 175.078 Thread 0x00007f95a80a1660 Unloading class 0x0000000800d9c000 'jdk/internal/reflect/GeneratedConstructorAccessor3'
Event: 175.078 Thread 0x00007f95a80a1660 Unloading class 0x0000000800d8d400 'java/lang/invoke/LambdaForm$MH+0x0000000800d8d400'
Event: 175.078 Thread 0x00007f95a80a1660 Unloading class 0x0000000800d8d000 'java/lang/invoke/LambdaForm$MH+0x0000000800d8d000'
Event: 175.079 Thread 0x00007f95a80a1660 Unloading class 0x0000000800d8cc00 'java/lang/invoke/LambdaForm$MH+0x0000000800d8cc00'
Event: 175.079 Thread 0x00007f95a80a1660 Unloading class 0x0000000800d8c800 'java/lang/invoke/LambdaForm$MH+0x0000000800d8c800'
Event: 175.079 Thread 0x00007f95a80a1660 Unloading class 0x0000000800d8c400 'java/lang/invoke/LambdaForm$MH+0x0000000800d8c400'
Event: 175.079 Thread 0x00007f95a80a1660 Unloading class 0x0000000800d8c000 'java/lang/invoke/LambdaForm$MH+0x0000000800d8c000'
Event: 175.079 Thread 0x00007f95a80a1660 Unloading class 0x0000000800cb2800 'java/lang/invoke/LambdaForm$MH+0x0000000800cb2800'
Event: 175.079 Thread 0x00007f95a80a1660 Unloading class 0x0000000800cb2000 'java/lang/invoke/LambdaForm$MH+0x0000000800cb2000'
Event: 175.079 Thread 0x00007f95a80a1660 Unloading class 0x0000000800cb1c00 'java/lang/invoke/LambdaForm$MH+0x0000000800cb1c00'
Event: 175.079 Thread 0x00007f95a80a1660 Unloading class 0x0000000800cb1800 'java/lang/invoke/LambdaForm$MH+0x0000000800cb1800'
Event: 175.079 Thread 0x00007f95a80a1660 Unloading class 0x0000000800cb1000 'java/lang/invoke/LambdaForm$MH+0x0000000800cb1000'
Event: 175.079 Thread 0x00007f95a80a1660 Unloading class 0x0000000800cb0c00 'java/lang/invoke/LambdaForm$MH+0x0000000800cb0c00'
Event: 175.079 Thread 0x00007f95a80a1660 Unloading class 0x0000000800cb0800 'java/lang/invoke/LambdaForm$MH+0x0000000800cb0800'
Event: 175.079 Thread 0x00007f95a80a1660 Unloading class 0x0000000800cb0000 'java/lang/invoke/LambdaForm$MH+0x0000000800cb0000'
Event: 302.295 Thread 0x00007f95a80a1660 Unloading class 0x0000000801114400 'jdk/internal/reflect/GeneratedConstructorAccessor24'

Classes redefined (0 events):
No events

Internal exceptions (20 events):
Event: 129.094 Thread 0x00007f9520188a00 Exception <a 'java/lang/ArrayIndexOutOfBoundsException'{0x00000000f5abf728}> (0x00000000f5abf728) 
thrown [src/hotspot/share/runtime/sharedRuntime.cpp, line 628]
Event: 132.409 Thread 0x00007f9520188a00 Exception <a 'java/lang/ArrayIndexOutOfBoundsException'{0x00000000f5fcaa50}> (0x00000000f5fcaa50) 
thrown [src/hotspot/share/runtime/sharedRuntime.cpp, line 628]
Event: 132.499 Thread 0x00007f9520188a00 Exception <a 'java/lang/ArrayIndexOutOfBoundsException'{0x00000000f61c0108}> (0x00000000f61c0108) 
thrown [src/hotspot/share/runtime/sharedRuntime.cpp, line 628]
Event: 132.773 Thread 0x00007f9520188a00 Exception <a 'java/lang/ArrayIndexOutOfBoundsException'{0x00000000f69631d8}> (0x00000000f69631d8) 
thrown [src/hotspot/share/runtime/sharedRuntime.cpp, line 628]
Event: 135.002 Thread 0x00007f9520188a00 Exception <a 'java/lang/ArrayIndexOutOfBoundsException'{0x00000000f5709fc0}> (0x00000000f5709fc0) 
thrown [src/hotspot/share/runtime/sharedRuntime.cpp, line 628]
Event: 135.090 Thread 0x00007f9520188a00 Exception <a 'java/lang/ArrayIndexOutOfBoundsException'{0x00000000f58761e8}> (0x00000000f58761e8) 
thrown [src/hotspot/share/runtime/sharedRuntime.cpp, line 628]
Event: 135.090 Thread 0x00007f9520188a00 Exception <a 'java/lang/ArrayIndexOutOfBoundsException'{0x00000000f5877668}> (0x00000000f5877668) 
thrown [src/hotspot/share/runtime/sharedRuntime.cpp, line 628]
Event: 135.090 Thread 0x00007f9520188a00 Exception <a 'java/lang/ArrayIndexOutOfBoundsException'{0x00000000f5877a18}> (0x00000000f5877a18) 
thrown [src/hotspot/share/runtime/sharedRuntime.cpp, line 628]
Event: 135.775 Thread 0x00007f9520188a00 Exception <a 'java/lang/ArrayIndexOutOfBoundsException'{0x00000000f6fc59d8}> (0x00000000f6fc59d8) 
thrown [src/hotspot/share/runtime/sharedRuntime.cpp, line 628]
Event: 136.092 Thread 0x00007f952018d7b0 Exception <a 'java/lang/ArrayIndexOutOfBoundsException'{0x00000000f5b3d0e8}> (0x00000000f5b3d0e8) 
thrown [src/hotspot/share/runtime/sharedRuntime.cpp, line 628]
Event: 136.180 Thread 0x00007f952018d7b0 Exception <a 'java/lang/ArrayIndexOutOfBoundsException'{0x00000000f5ddd058}> (0x00000000f5ddd058) 
thrown [src/hotspot/share/runtime/sharedRuntime.cpp, line 628]
Event: 136.295 Thread 0x00007f952018d7b0 Exception <a 'java/lang/ArrayIndexOutOfBoundsException'{0x00000000f5fedfd8}> (0x00000000f5fedfd8) 
thrown [src/hotspot/share/runtime/sharedRuntime.cpp, line 628]
Event: 138.092 Thread 0x00007f952018d7b0 Exception <a 'java/lang/ArrayIndexOutOfBoundsException'{0x00000000f59c9bc0}> (0x00000000f59c9bc0) 
thrown [src/hotspot/share/runtime/sharedRuntime.cpp, line 628]
Event: 138.181 Thread 0x00007f952018d7b0 Exception <a 'java/lang/ArrayIndexOutOfBoundsException'{0x00000000f5b07e50}> (0x00000000f5b07e50) 
thrown [src/hotspot/share/runtime/sharedRuntime.cpp, line 628]
Event: 138.181 Thread 0x00007f952018d7b0 Exception <a 'java/lang/ArrayIndexOutOfBoundsException'{0x00000000f5b092d0}> (0x00000000f5b092d0) 
thrown [src/hotspot/share/runtime/sharedRuntime.cpp, line 628]
Event: 138.181 Thread 0x00007f952018d7b0 Exception <a 'java/lang/ArrayIndexOutOfBoundsException'{0x00000000f5b09680}> (0x00000000f5b09680) 
thrown [src/hotspot/share/runtime/sharedRuntime.cpp, line 628]
Event: 139.680 Thread 0x00007f9520188a00 Exception <a 'java/lang/ArrayIndexOutOfBoundsException'{0x00000000f5847388}> (0x00000000f5847388) 
thrown [src/hotspot/share/runtime/sharedRuntime.cpp, line 628]
Event: 139.699 Thread 0x00007f9520188a00 Exception <a 'java/lang/ArrayIndexOutOfBoundsException'{0x00000000f5a1bf58}> (0x00000000f5a1bf58) 
thrown [src/hotspot/share/runtime/sharedRuntime.cpp, line 628]
Event: 139.897 Thread 0x00007f9520188a00 Exception <a 'java/lang/ArrayIndexOutOfBoundsException'{0x00000000f5c677d8}> (0x00000000f5c677d8) 
thrown [src/hotspot/share/runtime/sharedRuntime.cpp, line 628]
Event: 1736.546 Thread 0x00007f95a80b1c30 Exception <a 'java/lang/OutOfMemoryError'{0x00000000e00c51a8}> (0x00000000e00c51a8) 
thrown [src/hotspot/share/gc/shared/memAllocator.cpp, line 136]

VM Operations (20 events):
Event: 1714.073 Executing VM operation: ParallelGCFailedAllocation
Event: 1715.938 Executing VM operation: ParallelGCFailedAllocation done
Event: 1715.938 Executing VM operation: ParallelGCFailedAllocation
Event: 1718.087 Executing VM operation: ParallelGCFailedAllocation done
Event: 1718.087 Executing VM operation: ParallelGCFailedAllocation
Event: 1720.008 Executing VM operation: ParallelGCFailedAllocation done
Event: 1720.008 Executing VM operation: ParallelGCFailedAllocation
Event: 1722.126 Executing VM operation: ParallelGCFailedAllocation done
Event: 1722.127 Executing VM operation: ParallelGCFailedAllocation
Event: 1724.130 Executing VM operation: ParallelGCFailedAllocation done
Event: 1724.130 Executing VM operation: ParallelGCFailedAllocation
Event: 1726.240 Executing VM operation: ParallelGCFailedAllocation done
Event: 1726.241 Executing VM operation: ParallelGCFailedAllocation
Event: 1728.163 Executing VM operation: ParallelGCFailedAllocation done
Event: 1728.163 Executing VM operation: ParallelGCFailedAllocation
Event: 1730.470 Executing VM operation: ParallelGCFailedAllocation done
Event: 1730.470 Executing VM operation: ParallelGCFailedAllocation
Event: 1732.550 Executing VM operation: ParallelGCFailedAllocation done
Event: 1732.551 Executing VM operation: ParallelGCFailedAllocation
Event: 1736.546 Executing VM operation: ParallelGCFailedAllocation done

Events (20 events):
Event: 164.278 Thread 0x00007f95a80b4590 flushing nmethod 0x00007f95908fd790
Event: 164.278 Thread 0x00007f95a80b4590 flushing nmethod 0x00007f9590906490
Event: 164.278 Thread 0x00007f95a80b4590 flushing nmethod 0x00007f9590950890
Event: 192.001 Thread 0x00007f94fc131920 Thread exited: 0x00007f94fc131920
Event: 192.001 Thread 0x00007f94fc12c120 Thread exited: 0x00007f94fc12c120
Event: 229.376 Thread 0x00007f9514000ff0 Thread exited: 0x00007f9514000ff0
Event: 229.377 Thread 0x00007f953c4804a0 Thread exited: 0x00007f953c4804a0
Event: 322.991 Thread 0x00007f95242eacb0 Thread added: 0x00007f95242eacb0
Event: 322.991 Protecting memory [0x00007f9554500000,0x00007f9554504000] with protection modes 0
Event: 430.516 Thread 0x00007f95201d5520 Thread added: 0x00007f95201d5520
Event: 430.517 Protecting memory [0x00007f9553700000,0x00007f9553704000] with protection modes 0
Event: 613.113 Thread 0x00007f952018bf90 Thread added: 0x00007f952018bf90
Event: 613.113 Protecting memory [0x00007f958c400000,0x00007f958c404000] with protection modes 0
Event: 871.407 Thread 0x00007f952018c700 Thread added: 0x00007f952018c700
Event: 871.407 Protecting memory [0x00007f9553500000,0x00007f9553504000] with protection modes 0
Event: 1216.612 Thread 0x00007f952018c700 Thread exited: 0x00007f952018c700
Event: 1593.395 loading class java/util/concurrent/ForkJoinPool$DefaultForkJoinWorkerThreadFactory$1
Event: 1593.395 loading class java/util/concurrent/ForkJoinPool$DefaultForkJoinWorkerThreadFactory$1 done
Event: 1593.397 Thread 0x00007f95242d62a0 Thread added: 0x00007f95242d62a0
Event: 1593.397 Protecting memory [0x00007f9553500000,0x00007f9553504000] with protection modes 0


Dynamic libraries:
e0000000-f4f80000 rw-p 00000000 00:00 0 
f4f80000-f9280000 rw-p 00000000 00:00 0 
f9280000-100000000 ---p 00000000 00:00 0 
800000000-800449000 rw-p 00001000 00:a4d 707969865                       /nix/store/gpxl5qgg8kicmcvivwmybwjlpf7wh20l-graalvm17-ce-22.3.0/lib/server/classes.jsa
800449000-800bc8000 r--p 0044a000 00:a4d 707969865                       /nix/store/gpxl5qgg8kicmcvivwmybwjlpf7wh20l-graalvm17-ce-22.3.0/lib/server/classes.jsa
800bc8000-800c00000 ---p 00000000 00:00 0 
800c00000-800c10000 rw-p 00000000 00:00 0 
800c10000-800c30000 rw-p 00000000 00:00 0 
800c30000-800cb0000 rw-p 00000000 00:00 0 
800cb0000-800cf0000 rw-p 00000000 00:00 0 
800cf0000-800db0000 rw-p 00000000 00:00 0 
800db0000-800df0000 rw-p 00000000 00:00 0 
800df0000-801160000 rw-p 00000000 00:00 0 
801160000-840c00000 ---p 00000000 00:00 0 
5569f39fe000-5569f39ff000 r-xp 00000000 00:a4d 672029940                 /nix/store/gpxl5qgg8kicmcvivwmybwjlpf7wh20l-graalvm17-ce-22.3.0/bin/.java-wrapped
5569f3a00000-5569f3a01000 r--p 00001000 00:a4d 672029940                 /nix/store/gpxl5qgg8kicmcvivwmybwjlpf7wh20l-graalvm17-ce-22.3.0/bin/.java-wrapped
5569f3a01000-5569f3a02000 rw-p 00002000 00:a4d 672029940                 /nix/store/gpxl5qgg8kicmcvivwmybwjlpf7wh20l-graalvm17-ce-22.3.0/bin/.java-wrapped
5569f3a02000-5569f3a03000 rw-p 00004000 00:a4d 672029940                 /nix/store/gpxl5qgg8kicmcvivwmybwjlpf7wh20l-graalvm17-ce-22.3.0/bin/.java-wrapped
5569f3a03000-5569f3a04000 rw-p 00005000 00:a4d 672029940                 /nix/store/gpxl5qgg8kicmcvivwmybwjlpf7wh20l-graalvm17-ce-22.3.0/bin/.java-wrapped
5569f582a000-5569f5872000 rw-p 00000000 00:00 0                          [heap]
7f94e4000000-7f94e4021000 rw-p 00000000 00:00 0 
7f94e4021000-7f94e8000000 ---p 00000000 00:00 0 
7f94ec000000-7f94ec041000 rw-p 00000000 00:00 0 
7f94ec041000-7f94f0000000 ---p 00000000 00:00 0 
7f94fb800000-7f94fb8f0000 rw-p 00000000 00:00 0 
7f94fb8f0000-7f94fb910000 rw-p 00000000 00:00 0 
7f94fb910000-7f94fc000000 ---p 00000000 00:00 0 
7f94fc000000-7f94fc142000 rw-p 00000000 00:00 0 
7f94fc142000-7f9500000000 ---p 00000000 00:00 0 
7f9500000000-7f9500022000 rw-p 00000000 00:00 0 
7f9500022000-7f9504000000 ---p 00000000 00:00 0 
7f9504000000-7f9504067000 rw-p 00000000 00:00 0 
7f9504067000-7f9508000000 ---p 00000000 00:00 0 
7f9508400000-7f9508950000 rw-p 00000000 00:00 0 
7f9508950000-7f9508b90000 rw-p 00000000 00:00 0 
7f9508b90000-7f9508bf0000 rw-p 00000000 00:00 0 
7f9508bf0000-7f9508e70000 rw-p 00000000 00:00 0 
7f9508e70000-7f9509400000 rw-p 00000000 00:00 0 
7f9509cb3000-7f9513800000 r--s 00000000 00:a4d 707804677                 /nix/store/gpxl5qgg8kicmcvivwmybwjlpf7wh20l-graalvm17-ce-22.3.0/lib/modules
7f9513800000-7f9513970000 rw-p 00000000 00:00 0 
7f9513970000-7f95139f0000 rw-p 00000000 00:00 0 
7f95139f0000-7f9513ef0000 rw-p 00000000 00:00 0 
7f9513ef0000-7f9514000000 rw-p 00000000 00:00 0 
7f9514000000-7f95140b9000 rw-p 00000000 00:00 0 
7f95140b9000-7f9518000000 ---p 00000000 00:00 0 
7f9518000000-7f9518021000 rw-p 00000000 00:00 0 
7f9518021000-7f951c000000 ---p 00000000 00:00 0 
7f951c000000-7f951c021000 rw-p 00000000 00:00 0 
7f951c021000-7f9520000000 ---p 00000000 00:00 0 
7f9520000000-7f95202a4000 rw-p 00000000 00:00 0 
7f95202a4000-7f9524000000 ---p 00000000 00:00 0 
7f9524000000-7f95242ef000 rw-p 00000000 00:00 0 
7f95242ef000-7f9528000000 ---p 00000000 00:00 0 
7f9528000000-7f9528068000 rw-p 00000000 00:00 0 
7f9528068000-7f952c000000 ---p 00000000 00:00 0 
7f952c000000-7f952c055000 rw-p 00000000 00:00 0 
7f952c055000-7f9530000000 ---p 00000000 00:00 0 
7f9530000000-7f953003e000 rw-p 00000000 00:00 0 
7f953003e000-7f9534000000 ---p 00000000 00:00 0 
7f9534000000-7f9534021000 rw-p 00000000 00:00 0 
7f9534021000-7f9538000000 ---p 00000000 00:00 0 
7f9538000000-7f9538021000 rw-p 00000000 00:00 0 
7f9538021000-7f953c000000 ---p 00000000 00:00 0 
7f953c000000-7f953c8a9000 rw-p 00000000 00:00 0 
7f953c8a9000-7f9540000000 ---p 00000000 00:00 0 
7f9540000000-7f9540021000 rw-p 00000000 00:00 0 
7f9540021000-7f9544000000 ---p 00000000 00:00 0 
7f9544000000-7f9544021000 rw-p 00000000 00:00 0 
7f9544021000-7f9548000000 ---p 00000000 00:00 0 
7f9548000000-7f9548021000 rw-p 00000000 00:00 0 
7f9548021000-7f954c000000 ---p 00000000 00:00 0 
7f954c000000-7f954c0f3000 rw-p 00000000 00:00 0 
7f954c0f3000-7f9550000000 ---p 00000000 00:00 0 
7f9550800000-7f95508f0000 rw-p 00000000 00:00 0 
7f95508f0000-7f95509f0000 rw-p 00000000 00:00 0 
7f95509f0000-7f9550ff0000 rw-p 00000000 00:00 0 
7f9550ff0000-7f95510f0000 rw-p 00000000 00:00 0 
7f95510f0000-7f95511f0000 rw-p 00000000 00:00 0 
7f95511f0000-7f95516f0000 rw-p 00000000 00:00 0 
7f95516f0000-7f95517f0000 rw-p 00000000 00:00 0 
7f95517f0000-7f9551800000 rw-p 00000000 00:00 0 
7f9551a00000-7f9551a10000 r-xp 00000000 00:a46 310                       /home/runner/BaekJoon1543/.cache/jdt-language-server/config/org.eclipse.equinox.launcher/org.eclipse.equinox.launcher.gtk.linux.x86_64_1.2.400.v20211117-0650/eclipse_11600.so
7f9551a10000-7f9551c0f000 ---p 00010000 00:a46 310                       /home/runner/BaekJoon1543/.cache/jdt-language-server/config/org.eclipse.equinox.launcher/org.eclipse.equinox.launcher.gtk.linux.x86_64_1.2.400.v20211117-0650/eclipse_11600.so
7f9551c0f000-7f9551c10000 r--p 0000f000 00:a46 310                       /home/runner/BaekJoon1543/.cache/jdt-language-server/config/org.eclipse.equinox.launcher/org.eclipse.equinox.launcher.gtk.linux.x86_64_1.2.400.v20211117-0650/eclipse_11600.so
7f9551c10000-7f9551c11000 rw-p 00010000 00:a46 310                       /home/runner/BaekJoon1543/.cache/jdt-language-server/config/org.eclipse.equinox.launcher/org.eclipse.equinox.launcher.gtk.linux.x86_64_1.2.400.v20211117-0650/eclipse_11600.so
7f9552100000-7f9552200000 ---p 00000000 00:00 0 
7f9552200000-7f95527af000 r--p 01122000 00:a4d 707802136                 /nix/store/gpxl5qgg8kicmcvivwmybwjlpf7wh20l-graalvm17-ce-22.3.0/lib/libjvmcicompiler.so
7f95527af000-7f9552900000 r--p 00000000 00:00 0 
7f9552900000-7f955293d000 rw-p 00000000 00:00 0 
7f955293d000-7f9552e5d000 rw-p 0185f000 00:a4d 707802136                 /nix/store/gpxl5qgg8kicmcvivwmybwjlpf7wh20l-graalvm17-ce-22.3.0/lib/libjvmcicompiler.so
7f9552e5d000-7f9553244000 r--p 01d7f000 00:a4d 707802136                 /nix/store/gpxl5qgg8kicmcvivwmybwjlpf7wh20l-graalvm17-ce-22.3.0/lib/libjvmcicompiler.so
7f9553300000-7f9553304000 ---p 00000000 00:00 0 
7f9553304000-7f9553400000 rw-p 00000000 00:00 0 
7f9553500000-7f9553504000 ---p 00000000 00:00 0 
7f9553504000-7f9553600000 rw-p 00000000 00:00 0 
7f9553700000-7f9553704000 ---p 00000000 00:00 0 
7f9553704000-7f9553800000 rw-p 00000000 00:00 0 
7f9553900000-7f9553904000 ---p 00000000 00:00 0 
7f9553904000-7f9553a00000 rw-p 00000000 00:00 0 
7f9553b00000-7f9553b04000 ---p 00000000 00:00 0 
7f9553b04000-7f9553c00000 rw-p 00000000 00:00 0 
7f9553d00000-7f9553d04000 ---p 00000000 00:00 0 
7f9553d04000-7f9553e00000 rw-p 00000000 00:00 0 
7f9553f00000-7f9553f04000 ---p 00000000 00:00 0 
7f9553f04000-7f9554000000 rw-p 00000000 00:00 0 
7f9554100000-7f9554104000 ---p 00000000 00:00 0 
7f9554104000-7f9554200000 rw-p 00000000 00:00 0 
7f9554300000-7f9554304000 ---p 00000000 00:00 0 
7f9554304000-7f9554400000 rw-p 00000000 00:00 0 
7f9554500000-7f9554504000 ---p 00000000 00:00 0 
7f9554504000-7f9554600000 rw-p 00000000 00:00 0 
7f9554700000-7f9554704000 ---p 00000000 00:00 0 
7f9554704000-7f9554800000 rw-p 00000000 00:00 0 
7f9554900000-7f9554904000 ---p 00000000 00:00 0 
7f9554904000-7f9554a00000 rw-p 00000000 00:00 0 
7f9555668000-7f9555b00000 rw-p 00000000 00:00 0 
7f9555c00000-7f9557d6a000 r-xp 00000000 00:a4d 707802136                 /nix/store/gpxl5qgg8kicmcvivwmybwjlpf7wh20l-graalvm17-ce-22.3.0/lib/libjvmcicompiler.so
7f9557d6a000-7f9557f69000 ---p 0216a000 00:a4d 707802136                 /nix/store/gpxl5qgg8kicmcvivwmybwjlpf7wh20l-graalvm17-ce-22.3.0/lib/libjvmcicompiler.so
7f9557f69000-7f9557f6a000 r--p 02169000 00:a4d 707802136                 /nix/store/gpxl5qgg8kicmcvivwmybwjlpf7wh20l-graalvm17-ce-22.3.0/lib/libjvmcicompiler.so
7f9557f6a000-7f9557f6c000 rw-p 0216a000 00:a4d 707802136                 /nix/store/gpxl5qgg8kicmcvivwmybwjlpf7wh20l-graalvm17-ce-22.3.0/lib/libjvmcicompiler.so
7f9557f6c000-7f9557f6d000 rw-p 00000000 00:00 0 
7f9557f6d000-7f9557f72000 rw-p 023c3000 00:a4d 707802136                 /nix/store/gpxl5qgg8kicmcvivwmybwjlpf7wh20l-graalvm17-ce-22.3.0/lib/libjvmcicompiler.so
7f9558000000-7f9558021000 rw-p 00000000 00:00 0 
7f9558021000-7f955c000000 ---p 00000000 00:00 0 
7f955c000000-7f955c021000 rw-p 00000000 00:00 0 
7f955c021000-7f9560000000 ---p 00000000 00:00 0 
7f9560000000-7f9560029000 rw-p 00000000 00:00 0 
7f9560029000-7f9564000000 ---p 00000000 00:00 0 
7f9564000000-7f9564021000 rw-p 00000000 00:00 0 
7f9564021000-7f9568000000 ---p 00000000 00:00 0 
7f9568000000-7f95680f2000 rw-p 00000000 00:00 0 
7f95680f2000-7f956c000000 ---p 00000000 00:00 0 
7f956c000000-7f956c9b6000 rw-p 00000000 00:00 0 
7f956c9b6000-7f9570000000 ---p 00000000 00:00 0 
7f9570000000-7f9570021000 rw-p 00000000 00:00 0 
7f9570021000-7f9574000000 ---p 00000000 00:00 0 
7f9574000000-7f9574021000 rw-p 00000000 00:00 0 
7f9574021000-7f9578000000 ---p 00000000 00:00 0 
7f9578000000-7f9578021000 rw-p 00000000 00:00 0 
7f9578021000-7f957c000000 ---p 00000000 00:00 0 
7f957c000000-7f957c021000 rw-p 00000000 00:00 0 
7f957c021000-7f9580000000 ---p 00000000 00:00 0 
7f9580000000-7f9580021000 rw-p 00000000 00:00 0 
7f9580021000-7f9584000000 ---p 00000000 00:00 0 
7f9584000000-7f9584021000 rw-p 00000000 00:00 0 
7f9584021000-7f9588000000 ---p 00000000 00:00 0 
7f9588000000-7f9588065000 rw-p 00000000 00:00 0 
7f9588065000-7f958c004000 ---p 00000000 00:00 0 
7f958c004000-7f958c100000 rw-p 00000000 00:00 0 
7f958c100000-7f958c104000 ---p 00000000 00:00 0 
7f958c104000-7f958c200000 rw-p 00000000 00:00 0 
7f958c200000-7f958c204000 ---p 00000000 00:00 0 
7f958c204000-7f958c300000 rw-p 00000000 00:00 0 
7f958c300000-7f958c304000 ---p 00000000 00:00 0 
7f958c304000-7f958c400000 rw-p 00000000 00:00 0 
7f958c400000-7f958c404000 ---p 00000000 00:00 0 
7f958c404000-7f958c500000 rw-p 00000000 00:00 0 
7f958c500000-7f958c504000 ---p 00000000 00:00 0 
7f958c504000-7f958c600000 rw-p 00000000 00:00 0 
7f958c600000-7f958c604000 ---p 00000000 00:00 0 
7f958c604000-7f958c700000 rw-p 00000000 00:00 0 
7f958c700000-7f958c704000 ---p 00000000 00:00 0 
7f958c704000-7f958c800000 rw-p 00000000 00:00 0 
7f958c818000-7f958c81c000 ---p 00000000 00:00 0 
7f958c81c000-7f958c918000 rw-p 00000000 00:00 0 
7f958c918000-7f958c919000 ---p 00000000 00:00 0 
7f958c919000-7f958ca1a000 rw-p 00000000 00:00 0 
7f958ca1a000-7f958ca1e000 ---p 00000000 00:00 0 
7f958ca1e000-7f958cb1a000 rw-p 00000000 00:00 0 
7f958cb1a000-7f958cb1e000 ---p 00000000 00:00 0 
7f958cb1e000-7f958cc1a000 rw-p 00000000 00:00 0 
7f958cc1a000-7f958cc1e000 ---p 00000000 00:00 0 
7f958cc1e000-7f958cd1a000 rw-p 00000000 00:00 0 
7f958cd1a000-7f958cd1e000 ---p 00000000 00:00 0 
7f958cd1e000-7f958cf1a000 rw-p 00000000 00:00 0 
7f958cf1a000-7f958cf1e000 ---p 00000000 00:00 0 
7f958cf1e000-7f958d11a000 rw-p 00000000 00:00 0 
7f958d11a000-7f958d11e000 ---p 00000000 00:00 0 
7f958d11e000-7f958d21a000 rw-p 00000000 00:00 0 
7f958d21a000-7f958d21e000 ---p 00000000 00:00 0 
7f958d21e000-7f958d31a000 rw-p 00000000 00:00 0 
7f958d31a000-7f958d31e000 ---p 00000000 00:00 0 
7f958d31e000-7f958d41a000 rw-p 00000000 00:00 0 
7f958d41a000-7f958d700000 r--p 00000000 00:25d 28444448                  /usr/lib/locale/locale-archive
7f958d700000-7f958d704000 ---p 00000000 00:00 0 
7f958d704000-7f958dbf0000 rw-p 00000000 00:00 0 
7f958dbf0000-7f958def0000 rw-p 00000000 00:00 0 
7f958def0000-7f958e000000 rw-p 00000000 00:00 0 
7f958e066000-7f958e06a000 ---p 00000000 00:00 0 
7f958e06a000-7f958e088000 rw-p 00000000 00:00 0 
7f958e088000-7f958e08f000 r-xp 00000000 00:a4d 707804676                 /nix/store/gpxl5qgg8kicmcvivwmybwjlpf7wh20l-graalvm17-ce-22.3.0/lib/libzip.so
7f958e08f000-7f958e090000 ---p 00007000 00:a4d 707804676                 /nix/store/gpxl5qgg8kicmcvivwmybwjlpf7wh20l-graalvm17-ce-22.3.0/lib/libzip.so
7f958e090000-7f958e091000 r--p 00007000 00:a4d 707804676                 /nix/store/gpxl5qgg8kicmcvivwmybwjlpf7wh20l-graalvm17-ce-22.3.0/lib/libzip.so
7f958e091000-7f958e092000 rw-p 00008000 00:a4d 707804676                 /nix/store/gpxl5qgg8kicmcvivwmybwjlpf7wh20l-graalvm17-ce-22.3.0/lib/libzip.so
7f958e092000-7f958e094000 rw-p 0000b000 00:a4d 707804676                 /nix/store/gpxl5qgg8kicmcvivwmybwjlpf7wh20l-graalvm17-ce-22.3.0/lib/libzip.so
7f958e094000-7f958e0a9000 r-xp 00000000 00:a4d 707804666                 /nix/store/gpxl5qgg8kicmcvivwmybwjlpf7wh20l-graalvm17-ce-22.3.0/lib/libnet.so
7f958e0a9000-7f958e0aa000 ---p 00015000 00:a4d 707804666                 /nix/store/gpxl5qgg8kicmcvivwmybwjlpf7wh20l-graalvm17-ce-22.3.0/lib/libnet.so
7f958e0aa000-7f958e0ab000 r--p 00015000 00:a4d 707804666                 /nix/store/gpxl5qgg8kicmcvivwmybwjlpf7wh20l-graalvm17-ce-22.3.0/lib/libnet.so
7f958e0ab000-7f958e0ac000 rw-p 00016000 00:a4d 707804666                 /nix/store/gpxl5qgg8kicmcvivwmybwjlpf7wh20l-graalvm17-ce-22.3.0/lib/libnet.so
7f958e0ac000-7f958e0af000 rw-p 0001b000 00:a4d 707804666                 /nix/store/gpxl5qgg8kicmcvivwmybwjlpf7wh20l-graalvm17-ce-22.3.0/lib/libnet.so
7f958e0af000-7f958e0b3000 ---p 00000000 00:00 0 
7f958e0b3000-7f958e1af000 rw-p 00000000 00:00 0 
7f958e1af000-7f958e1b0000 ---p 00000000 00:00 0 
7f958e1b0000-7f958f4b3000 rw-p 00000000 00:00 0 
7f958f4b3000-7f958f723000 rwxp 00000000 00:00 0 
7f958f723000-7f958fa42000 ---p 00000000 00:00 0 
7f958fa42000-7f9590b22000 rwxp 00000000 00:00 0 
7f9590b22000-7f9596f7a000 ---p 00000000 00:00 0 
7f9596f7a000-7f95971ea000 rwxp 00000000 00:00 0 
7f95971ea000-7f959e4b3000 ---p 00000000 00:00 0 
7f959e4b3000-7f95a8000000 r--s 00000000 00:a4d 707804677                 /nix/store/gpxl5qgg8kicmcvivwmybwjlpf7wh20l-graalvm17-ce-22.3.0/lib/modules
7f95a8000000-7f95a83fc000 rw-p 00000000 00:00 0 
7f95a83fc000-7f95ac000000 ---p 00000000 00:00 0 
7f95ac003000-7f95ac016000 r-xp 00000000 00:a4d 707804667                 /nix/store/gpxl5qgg8kicmcvivwmybwjlpf7wh20l-graalvm17-ce-22.3.0/lib/libnio.so
7f95ac016000-7f95ac017000 r--p 00012000 00:a4d 707804667                 /nix/store/gpxl5qgg8kicmcvivwmybwjlpf7wh20l-graalvm17-ce-22.3.0/lib/libnio.so
7f95ac017000-7f95ac018000 rw-p 00013000 00:a4d 707804667                 /nix/store/gpxl5qgg8kicmcvivwmybwjlpf7wh20l-graalvm17-ce-22.3.0/lib/libnio.so
7f95ac018000-7f95ac01d000 rw-p 00019000 00:a4d 707804667                 /nix/store/gpxl5qgg8kicmcvivwmybwjlpf7wh20l-graalvm17-ce-22.3.0/lib/libnio.so
7f95ac01d000-7f95ac0eb000 r-xp 00000000 00:a4d 707802132                 /nix/store/gpxl5qgg8kicmcvivwmybwjlpf7wh20l-graalvm17-ce-22.3.0/lib/libjsvml.so
7f95ac0eb000-7f95ac0ec000 r--p 000cd000 00:a4d 707802132                 /nix/store/gpxl5qgg8kicmcvivwmybwjlpf7wh20l-graalvm17-ce-22.3.0/lib/libjsvml.so
7f95ac0ec000-7f95ac0ed000 rw-p 000ce000 00:a4d 707802132                 /nix/store/gpxl5qgg8kicmcvivwmybwjlpf7wh20l-graalvm17-ce-22.3.0/lib/libjsvml.so
7f95ac0ed000-7f95ac7c3000 rw-p 00000000 00:00 0 
7f95ac7c3000-7f95ac7c4000 ---p 00000000 00:00 0 
7f95ac7c4000-7f95ac96d000 rw-p 00000000 00:00 0 
7f95ac96d000-7f95ac98f000 rw-p 00000000 00:00 0 
7f95ac98f000-7f95ac9c5000 ---p 00000000 00:00 0 
7f95ac9c5000-7f95ac9cb000 rw-p 00000000 00:00 0 
7f95ac9cb000-7f95acab1000 ---p 00000000 00:00 0 
7f95acab1000-7f95acad3000 rw-p 00000000 00:00 0 
7f95acad3000-7f95acb9c000 ---p 00000000 00:00 0 
7f95acb9c000-7f95acba1000 rw-p 00000000 00:00 0 
7f95acba1000-7f95acba8000 ---p 00000000 00:00 0 
7f95acba8000-7f95acbcc000 r-xp 00000000 00:a4d 707802124                 /nix/store/gpxl5qgg8kicmcvivwmybwjlpf7wh20l-graalvm17-ce-22.3.0/lib/libjava.so
7f95acbcc000-7f95acbcd000 ---p 00024000 00:a4d 707802124                 /nix/store/gpxl5qgg8kicmcvivwmybwjlpf7wh20l-graalvm17-ce-22.3.0/lib/libjava.so
7f95acbcd000-7f95acbce000 r--p 00024000 00:a4d 707802124                 /nix/store/gpxl5qgg8kicmcvivwmybwjlpf7wh20l-graalvm17-ce-22.3.0/lib/libjava.so
7f95acbce000-7f95acbcf000 rw-p 00025000 00:a4d 707802124                 /nix/store/gpxl5qgg8kicmcvivwmybwjlpf7wh20l-graalvm17-ce-22.3.0/lib/libjava.so
7f95acbcf000-7f95acbd0000 rw-p 00000000 00:00 0 
7f95acbd0000-7f95acbd7000 rw-p 0002f000 00:a4d 707802124                 /nix/store/gpxl5qgg8kicmcvivwmybwjlpf7wh20l-graalvm17-ce-22.3.0/lib/libjava.so
7f95acbd7000-7f95acbdf000 rw-s 00000000 00:a5 384                        /tmp/hsperfdata_runner/17
7f95acbdf000-7f95acbe0000 ---p 00000000 00:00 0 
7f95acbe0000-7f95acbe1000 r--p 00000000 00:00 0 
7f95acbe1000-7f95acbe2000 rwxp 00000000 00:00 0 
7f95acbe2000-7f95acbfd000 r-xp 00000000 00:a4d 707802128                 /nix/store/gpxl5qgg8kicmcvivwmybwjlpf7wh20l-graalvm17-ce-22.3.0/lib/libjimage.so
7f95acbfd000-7f95acbfe000 ---p 0001b000 00:a4d 707802128                 /nix/store/gpxl5qgg8kicmcvivwmybwjlpf7wh20l-graalvm17-ce-22.3.0/lib/libjimage.so
7f95acbfe000-7f95acc00000 r--p 0001b000 00:a4d 707802128                 /nix/store/gpxl5qgg8kicmcvivwmybwjlpf7wh20l-graalvm17-ce-22.3.0/lib/libjimage.so
7f95acc00000-7f95acc01000 rw-p 0001d000 00:a4d 707802128                 /nix/store/gpxl5qgg8kicmcvivwmybwjlpf7wh20l-graalvm17-ce-22.3.0/lib/libjimage.so
7f95acc01000-7f95acc02000 rw-p 00024000 00:a4d 707802128                 /nix/store/gpxl5qgg8kicmcvivwmybwjlpf7wh20l-graalvm17-ce-22.3.0/lib/libjimage.so
7f95acc02000-7f95acc06000 ---p 00000000 00:00 0 
7f95acc06000-7f95acd02000 rw-p 00000000 00:00 0 
7f95acd02000-7f95acd10000 r--p 00000000 00:a4d 600592023                 /nix/store/4nlgxhb09sdr51nc9hdm8az5b08vzkgx-glibc-2.35-163/lib/libm.so.6
7f95acd10000-7f95acd83000 r-xp 0000e000 00:a4d 600592023                 /nix/store/4nlgxhb09sdr51nc9hdm8az5b08vzkgx-glibc-2.35-163/lib/libm.so.6
7f95acd83000-7f95acde0000 r--p 00081000 00:a4d 600592023                 /nix/store/4nlgxhb09sdr51nc9hdm8az5b08vzkgx-glibc-2.35-163/lib/libm.so.6
7f95acde0000-7f95acde1000 r--p 000dd000 00:a4d 600592023                 /nix/store/4nlgxhb09sdr51nc9hdm8az5b08vzkgx-glibc-2.35-163/lib/libm.so.6
7f95acde1000-7f95acde2000 rw-p 000de000 00:a4d 600592023                 /nix/store/4nlgxhb09sdr51nc9hdm8az5b08vzkgx-glibc-2.35-163/lib/libm.so.6
7f95acde2000-7f95acde3000 r--p 00000000 00:a4d 600592042                 /nix/store/4nlgxhb09sdr51nc9hdm8az5b08vzkgx-glibc-2.35-163/lib/librt.so.1
7f95acde3000-7f95acde4000 r-xp 00001000 00:a4d 600592042                 /nix/store/4nlgxhb09sdr51nc9hdm8az5b08vzkgx-glibc-2.35-163/lib/librt.so.1
7f95acde4000-7f95acde5000 r--p 00002000 00:a4d 600592042                 /nix/store/4nlgxhb09sdr51nc9hdm8az5b08vzkgx-glibc-2.35-163/lib/librt.so.1
7f95acde5000-7f95acde6000 r--p 00002000 00:a4d 600592042                 /nix/store/4nlgxhb09sdr51nc9hdm8az5b08vzkgx-glibc-2.35-163/lib/librt.so.1
7f95acde6000-7f95acde7000 rw-p 00003000 00:a4d 600592042                 /nix/store/4nlgxhb09sdr51nc9hdm8az5b08vzkgx-glibc-2.35-163/lib/librt.so.1
7f95acde7000-7f95adefa000 r-xp 00000000 00:a4d 707972962                 /nix/store/gpxl5qgg8kicmcvivwmybwjlpf7wh20l-graalvm17-ce-22.3.0/lib/server/libjvm.so
7f95adefa000-7f95adefb000 ---p 01113000 00:a4d 707972962                 /nix/store/gpxl5qgg8kicmcvivwmybwjlpf7wh20l-graalvm17-ce-22.3.0/lib/server/libjvm.so
7f95adefb000-7f95adfb0000 r--p 01113000 00:a4d 707972962                 /nix/store/gpxl5qgg8kicmcvivwmybwjlpf7wh20l-graalvm17-ce-22.3.0/lib/server/libjvm.so
7f95adfb0000-7f95adfe4000 rw-p 011c8000 00:a4d 707972962                 /nix/store/gpxl5qgg8kicmcvivwmybwjlpf7wh20l-graalvm17-ce-22.3.0/lib/server/libjvm.so
7f95adfe4000-7f95ae040000 rw-p 00000000 00:00 0 
7f95ae040000-7f95ae068000 r--p 00000000 00:a4d 600592014                 /nix/store/4nlgxhb09sdr51nc9hdm8az5b08vzkgx-glibc-2.35-163/lib/libc.so.6
7f95ae068000-7f95ae1de000 r-xp 00028000 00:a4d 600592014                 /nix/store/4nlgxhb09sdr51nc9hdm8az5b08vzkgx-glibc-2.35-163/lib/libc.so.6
7f95ae1de000-7f95ae236000 r--p 0019e000 00:a4d 600592014                 /nix/store/4nlgxhb09sdr51nc9hdm8az5b08vzkgx-glibc-2.35-163/lib/libc.so.6
7f95ae236000-7f95ae23a000 r--p 001f6000 00:a4d 600592014                 /nix/store/4nlgxhb09sdr51nc9hdm8az5b08vzkgx-glibc-2.35-163/lib/libc.so.6
7f95ae23a000-7f95ae23c000 rw-p 001fa000 00:a4d 600592014                 /nix/store/4nlgxhb09sdr51nc9hdm8az5b08vzkgx-glibc-2.35-163/lib/libc.so.6
7f95ae23c000-7f95ae24b000 rw-p 00000000 00:00 0 
7f95ae24b000-7f95ae24c000 r--p 00000000 00:a4d 600592019                 /nix/store/4nlgxhb09sdr51nc9hdm8az5b08vzkgx-glibc-2.35-163/lib/libdl.so.2
7f95ae24c000-7f95ae24d000 r-xp 00001000 00:a4d 600592019                 /nix/store/4nlgxhb09sdr51nc9hdm8az5b08vzkgx-glibc-2.35-163/lib/libdl.so.2
7f95ae24d000-7f95ae24e000 r--p 00002000 00:a4d 600592019                 /nix/store/4nlgxhb09sdr51nc9hdm8az5b08vzkgx-glibc-2.35-163/lib/libdl.so.2
7f95ae24e000-7f95ae24f000 r--p 00002000 00:a4d 600592019                 /nix/store/4nlgxhb09sdr51nc9hdm8az5b08vzkgx-glibc-2.35-163/lib/libdl.so.2
7f95ae24f000-7f95ae250000 rw-p 00003000 00:a4d 600592019                 /nix/store/4nlgxhb09sdr51nc9hdm8az5b08vzkgx-glibc-2.35-163/lib/libdl.so.2
7f95ae250000-7f95ae251000 r--p 00000000 00:a4d 600592038                 /nix/store/4nlgxhb09sdr51nc9hdm8az5b08vzkgx-glibc-2.35-163/lib/libpthread.so.0
7f95ae251000-7f95ae252000 r-xp 00001000 00:a4d 600592038                 /nix/store/4nlgxhb09sdr51nc9hdm8az5b08vzkgx-glibc-2.35-163/lib/libpthread.so.0
7f95ae252000-7f95ae253000 r--p 00002000 00:a4d 600592038                 /nix/store/4nlgxhb09sdr51nc9hdm8az5b08vzkgx-glibc-2.35-163/lib/libpthread.so.0
7f95ae253000-7f95ae254000 r--p 00002000 00:a4d 600592038                 /nix/store/4nlgxhb09sdr51nc9hdm8az5b08vzkgx-glibc-2.35-163/lib/libpthread.so.0
7f95ae254000-7f95ae255000 rw-p 00003000 00:a4d 600592038                 /nix/store/4nlgxhb09sdr51nc9hdm8az5b08vzkgx-glibc-2.35-163/lib/libpthread.so.0
7f95ae255000-7f95ae263000 r-xp 00000000 00:a4d 707802129                 /nix/store/gpxl5qgg8kicmcvivwmybwjlpf7wh20l-graalvm17-ce-22.3.0/lib/libjli.so
7f95ae263000-7f95ae264000 ---p 0000e000 00:a4d 707802129                 /nix/store/gpxl5qgg8kicmcvivwmybwjlpf7wh20l-graalvm17-ce-22.3.0/lib/libjli.so
7f95ae264000-7f95ae265000 r--p 0000e000 00:a4d 707802129                 /nix/store/gpxl5qgg8kicmcvivwmybwjlpf7wh20l-graalvm17-ce-22.3.0/lib/libjli.so
7f95ae265000-7f95ae266000 rw-p 0000f000 00:a4d 707802129                 /nix/store/gpxl5qgg8kicmcvivwmybwjlpf7wh20l-graalvm17-ce-22.3.0/lib/libjli.so
7f95ae266000-7f95ae267000 rw-p 00012000 00:a4d 707802129                 /nix/store/gpxl5qgg8kicmcvivwmybwjlpf7wh20l-graalvm17-ce-22.3.0/lib/libjli.so
7f95ae267000-7f95ae26a000 r--p 00000000 00:a4d 678822167                 /nix/store/026hln0aq1hyshaxsdvhg0kmcm6yf45r-zlib-1.2.13/lib/libz.so.1.2.13
7f95ae26a000-7f95ae27c000 r-xp 00003000 00:a4d 678822167                 /nix/store/026hln0aq1hyshaxsdvhg0kmcm6yf45r-zlib-1.2.13/lib/libz.so.1.2.13
7f95ae27c000-7f95ae283000 r--p 00015000 00:a4d 678822167                 /nix/store/026hln0aq1hyshaxsdvhg0kmcm6yf45r-zlib-1.2.13/lib/libz.so.1.2.13
7f95ae283000-7f95ae284000 r--p 0001b000 00:a4d 678822167                 /nix/store/026hln0aq1hyshaxsdvhg0kmcm6yf45r-zlib-1.2.13/lib/libz.so.1.2.13
7f95ae284000-7f95ae285000 rw-p 0001c000 00:a4d 678822167                 /nix/store/026hln0aq1hyshaxsdvhg0kmcm6yf45r-zlib-1.2.13/lib/libz.so.1.2.13
7f95ae285000-7f95ae287000 rw-p 00000000 00:00 0 
7f95ae287000-7f95ae289000 r--p 00000000 00:a4d 600592008                 /nix/store/4nlgxhb09sdr51nc9hdm8az5b08vzkgx-glibc-2.35-163/lib/ld-linux-x86-64.so.2
7f95ae289000-7f95ae2b0000 r-xp 00002000 00:a4d 600592008                 /nix/store/4nlgxhb09sdr51nc9hdm8az5b08vzkgx-glibc-2.35-163/lib/ld-linux-x86-64.so.2
7f95ae2b0000-7f95ae2bc000 r--p 00029000 00:a4d 600592008                 /nix/store/4nlgxhb09sdr51nc9hdm8az5b08vzkgx-glibc-2.35-163/lib/ld-linux-x86-64.so.2
7f95ae2bc000-7f95ae2be000 r--p 00034000 00:a4d 600592008                 /nix/store/4nlgxhb09sdr51nc9hdm8az5b08vzkgx-glibc-2.35-163/lib/ld-linux-x86-64.so.2
7f95ae2be000-7f95ae2c0000 rw-p 00036000 00:a4d 600592008                 /nix/store/4nlgxhb09sdr51nc9hdm8az5b08vzkgx-glibc-2.35-163/lib/ld-linux-x86-64.so.2
7fffe769c000-7fffe76c0000 rw-p 00000000 00:00 0                          [stack]
7fffe7781000-7fffe7785000 r--p 00000000 00:00 0                          [vvar]
7fffe7785000-7fffe7787000 r-xp 00000000 00:00 0                          [vdso]
ffffffffff600000-ffffffffff601000 --xp 00000000 00:00 0                  [vsyscall]


VM Arguments:
jvm_args: -XX:ThreadPriorityPolicy=1 -XX:+UnlockExperimentalVMOptions -XX:+EnableJVMCIProduct -XX:JVMCIThreadsPerNativeLibraryRuntime=1 -XX:-UnlockExperimentalVMOptions -Declipse.application=org.eclipse.jdt.ls.core.id1 -Dosgi.bundles.defaultStartLevel=4 -Declipse.product=org.eclipse.jdt.ls.core.product -Dlog.level=ALL -Xverify:none -XX:+UseParallelGC -XX:GCTimeRatio=4 -XX:AdaptiveSizePolicyWeight=90 -Dsun.zip.disableMemoryMapping=true -Xmx512m -Xms100m 
java_command: /nix/store/a7s9klvriqi68xz3qjc0qyfl5h86xc16-jdt-language-server-1.9.0/share/java/plugins/org.eclipse.equinox.launcher_1.6.400.v20210924-0641.jar --add-modules=ALL-SYSTEM --add-opens java.base/java.util=ALL-UNNAMED --add-opens java.base/java.lang=ALL-UNNAMED -configuration /home/runner/BaekJoon1543/.cache/jdt-language-server/config -data /home/runner/BaekJoon1543/.cache/jdt-language-server/data/home/runner/BaekJoon1543
java_class_path (initial): /nix/store/a7s9klvriqi68xz3qjc0qyfl5h86xc16-jdt-language-server-1.9.0/share/java/plugins/org.eclipse.equinox.launcher_1.6.400.v20210924-0641.jar
Launcher Type: SUN_STANDARD

[Global flags]
    uintx AdaptiveSizePolicyWeight                 = 90                                        {product} {command line}
     intx CICompilerCount                          = 2                                         {product} {ergonomic}
     bool EnableJVMCIProduct                       = true                                {JVMCI product} {jimage}
    uintx GCTimeRatio                              = 4                                         {product} {command line}
   size_t InitialHeapSize                          = 104857600                                 {product} {command line}
     uint JVMCIThreadsPerNativeLibraryRuntime      = 1                                   {JVMCI product} {jimage}
   size_t MaxHeapSize                              = 536870912                                 {product} {command line}
   size_t MaxNewSize                               = 178782208                                 {product} {ergonomic}
   size_t MinHeapDeltaBytes                        = 524288                                    {product} {ergonomic}
   size_t MinHeapSize                              = 104857600                                 {product} {command line}
   size_t NewSize                                  = 34603008                                  {product} {ergonomic}
    uintx NonNMethodCodeHeapSize                   = 5826188                                {pd product} {ergonomic}
    uintx NonProfiledCodeHeapSize                  = 122916026                              {pd product} {ergonomic}
   size_t OldSize                                  = 70254592                                  {product} {ergonomic}
    uintx ProfiledCodeHeapSize                     = 122916026                              {pd product} {ergonomic}
    uintx ReservedCodeCacheSize                    = 251658240                              {pd product} {ergonomic}
     bool SegmentedCodeCache                       = true                                      {product} {ergonomic}
   size_t SoftMaxHeapSize                          = 536870912                              {manageable} {ergonomic}
     intx ThreadPriorityPolicy                     = 1                                         {product} {jimage}
     bool UseCompressedClassPointers               = true                           {product lp64_product} {ergonomic}
     bool UseCompressedOops                        = true                           {product lp64_product} {ergonomic}
     bool UseParallelGC                            = true                                      {product} {command line}

Logging:
Log output configuration:
 #0: stdout all=warning uptime,level,tags
 #1: stderr all=off uptime,level,tags

Environment Variables:
JAVA_HOME=/nix/store/gpxl5qgg8kicmcvivwmybwjlpf7wh20l-graalvm17-ce-22.3.0
PATH=/nix/store/1d6ian3r8kdzspw8hacjhl3xkp40g1lj-binutils-wrapper-2.39/bin:/nix/store/dq0xwmsk1g0i2ayg6pb7y87na2knzylh-gcc-wrapper-11.3.0/bin:/nix/store/bap4d0lpcrhpwmpb8ayjcgkmvfj62lnq-bash-interactive-5.1-p16/bin:/nix/store/pr5n59mb4jzmfx6kanwxly0l07p861fg-patchelf-0.15.0/bin:/nix/store/1gf2flfqnpqbr1b4p4qz2f72y42bs56r-gcc-11.3.0/bin:/nix/store/57xv61c5zi8pphjbcwxxjlgc34p61ic9-glibc-2.35-163-bin/bin:/nix/store/a7gvj343m05j2s32xcnwr35v31ynlypr-coreutils-9.1/bin:/nix/store/039g378vc3pc3dvi9dzdlrd0i4q93qwf-binutils-2.39/bin:/nix/store/gpxl5qgg8kicmcvivwmybwjlpf7wh20l-graalvm17-ce-22.3.0/bin:/nix/store/6z9ag3ihc8mq2hzsw48lhbznvzny65nz-apache-maven-3.8.6/bin:/nix/store/a7s9klvriqi68xz3qjc0qyfl5h86xc16-jdt-language-server-1.9.0/bin:/nix/store/48ifl2w60a3zp7yskbpnvn8jp9jdsb7k-java-debug/bin:/nix/store/mydc6f4k2z73xlcz7ilif3v2lcaiqvza-findutils-4.9.0/bin:/nix/store/j9p3g8472iijd50vhdprx0nmk2fqn5gv-diffutils-3.8/bin:/nix/store/89zs7rms6x00xfq4dq6m7mjnhkr8a6r4-gnused-4.8/bin:/nix/store/86bp03jkmsl6f92w0yzg4s59g5mhxwmy-gnugrep-3.7/bin:/nix/store/hwcdqw4jrjnd37wxqgsd47hd0j8bnj09-gawk-5.1.1/bin:/nix/store/cfbhw8r8ags41vwqaz47r583d0p4h4a1-gnutar-1.34/bin:/nix/store/p3m1ndl1lapwrlh698bnb5lvvxh67378-gzip-1.12/bin:/nix/store/a8mhcagrsly7c7mpjrpsnaahk4aax056-bzip2-1.0.8-bin/bin:/nix/store/mblgz65m3zv9x548a3d5m96fj2pbwr09-gnumake-4.3/bin:/nix/store/dsd5gz46hdbdk2rfdimqddhq6m8m8fqs-bash-5.1-p16/bin:/nix/store/v7ljksji50mg3w61dykaa3n3y79n6nil-patch-2.7.6/bin:/nix/store/zlcnmqq14jz5x9439jf937mvayyl63da-xz-5.2.7-bin/bin:/nix/store/y6aj732zm9m87c82fpvf103a1xb22blp-file-5.43/bin:/nix/store/yq0vlv3d2f5si3ibawpq5ay2pc6knixp-nix-2.18.0pre20230808_c0e6466/bin:/nix/store/i4kzir3m7mrisxmf5xvlnkw01x4qaqr4-prybar-elisp-0.0.0-e0d9a52/bin:/nix/store/lwwivxf6h7x3cvxp9zv8sj0mv7dak99r-prybar-lua-0.0.0-e0d9a52/bin:/nix/store/gxj28g1cg4hq3qanmjv07156h800qr58-prybar-python3-0.0.0-e0d9a52/bin:/nix/store/hshkjnxrgidigf8x75vg6lqng2xlx9i3-prybar-sqlite-0.0.0-e0d9a52/bin:/nix/store/c4w01bpjgyy5ixmwdk8m1pw87zq4sl
LD_LIBRARY_PATH=/nix/store/a4pff549sk2idnkpzk5nsfps3mdkdnvm-cups-2.4.2-lib/lib:/nix/store/72mqxxhh3cy5yifh92wh2yb8cl2hikyy-cairo-1.16.0/lib:/nix/store/2k366jrbsra97gjfxwvrhvixjfxdach5-glib-2.74.1/lib:/nix/store/2j2znigd8ak37rlwh9khz0ry3clqlw1l-gtk+3-3.24.34/lib:/nix/store/hisqvx32cd57apbpcsnkpx6k3549wql1-libglvnd-1.4.0/lib:/nix/store/p36pgcv991mq5srvg765b78yqpxvk3qs-mesa-21.3.3-drivers/lib:/nix/store/mav4251if1ahjq5vkpwycyyvnmy459c4-pulseaudio-14.2/lib
DISPLAY=:0
LANG=en_US.UTF-8

Signal Handlers:
   SIGSEGV: crash_handler in libjvm.so, mask=11100100010111111101111111111110, flags=SA_RESTART|SA_SIGINFO
    SIGBUS: crash_handler in libjvm.so, mask=11100100010111111101111111111110, flags=SA_RESTART|SA_SIGINFO
    SIGFPE: crash_handler in libjvm.so, mask=11100100010111111101111111111110, flags=SA_RESTART|SA_SIGINFO
   SIGPIPE: IsolateEnterStub_IgnoreSIGPIPEStartupHook_noopSignalHandler_8f19bff2f35b5f630d83b364d6b2339320d4ec70_216e8361c6bc87a8f89f58cc10d3b2fd4415bf87 in libjvmcicompiler.so, mask=00000000000000000000000000000000, flags=SA_RESTART
  *** Handler was modified!
  *** Expected: javaSignalHandler in libjvm.so, mask=11100100110111111111111111111110, flags=SA_RESTART|SA_SIGINFO
   SIGXFSZ: javaSignalHandler in libjvm.so, mask=11100100010111111101111111111110, flags=SA_RESTART|SA_SIGINFO
    SIGILL: crash_handler in libjvm.so, mask=11100100010111111101111111111110, flags=SA_RESTART|SA_SIGINFO
   SIGUSR2: SR_handler in libjvm.so, mask=00000000000000000000000000000000, flags=SA_RESTART|SA_SIGINFO
    SIGHUP: UserHandler in libjvm.so, mask=11100100010111111101111111111110, flags=SA_RESTART|SA_SIGINFO
    SIGINT: UserHandler in libjvm.so, mask=11100100010111111101111111111110, flags=SA_RESTART|SA_SIGINFO
   SIGTERM: UserHandler in libjvm.so, mask=11100100010111111101111111111110, flags=SA_RESTART|SA_SIGINFO
   SIGQUIT: UserHandler in libjvm.so, mask=11100100010111111101111111111110, flags=SA_RESTART|SA_SIGINFO
  *** Handler was modified!
  *** Expected: javaSignalHandler in libjvm.so, mask=11100100110111111111111111111110, flags=SA_RESTART|SA_SIGINFO
   SIGTRAP: crash_handler in libjvm.so, mask=11100100010111111101111111111110, flags=SA_RESTART|SA_SIGINFO


---------------  S Y S T E M  ---------------

OS:
DISTRIB_ID=Ubuntu
DISTRIB_RELEASE=20.04
DISTRIB_CODENAME=focal
DISTRIB_DESCRIPTION="Ubuntu 20.04.2 LTS"
uname: Linux 6.2.0-1018-gcp #20~22.04.1-Ubuntu SMP Mon Oct 23 12:29:43 UTC 2023 x86_64
OS uptime: 0 days 6:24 hours
libc: glibc 2.35 NPTL 2.35 
rlimit (soft/hard): STACK 8192k/infinity , CORE infinity/infinity , NPROC infinity/infinity , NOFILE 5242/5242 , AS infinity/infinity , CPU infinity/infinity , DATA infinity/infinity , FSIZE infinity/infinity , MEMLOCK 8192k/8192k
load average: 16.73 15.78 16.99

/proc/meminfo:
MemTotal:       65835928 kB
MemFree:        32380636 kB
MemAvailable:   43575860 kB
Buffers:         1764492 kB
Cached:          9114372 kB
SwapCached:            0 kB
Active:          5618888 kB
Inactive:       25635152 kB
Active(anon):       7108 kB
Inactive(anon): 20091556 kB
Active(file):    5611780 kB
Inactive(file):  5543596 kB
Unevictable:       27972 kB
Mlocked:           27972 kB
SwapTotal:             0 kB
SwapFree:              0 kB
Zswap:                 0 kB
Zswapped:              0 kB
Dirty:              5704 kB
Writeback:           420 kB
AnonPages:      19878020 kB
Mapped:          1626900 kB
Shmem:             34460 kB
KReclaimable:    1007964 kB
Slab:            1460580 kB
SReclaimable:    1007964 kB
SUnreclaim:       452616 kB
KernelStack:      118692 kB
PageTables:       277716 kB
SecPageTables:         0 kB
NFS_Unstable:          0 kB
Bounce:                0 kB
WritebackTmp:          0 kB
CommitLimit:    32917964 kB
Committed_AS:   54305820 kB
VmallocTotal:   34359738367 kB
VmallocUsed:      143748 kB
VmallocChunk:          0 kB
Percpu:            28704 kB
HardwareCorrupted:     0 kB
AnonHugePages:   2643968 kB
ShmemHugePages:        0 kB
ShmemPmdMapped:        0 kB
FileHugePages:         0 kB
FilePmdMapped:         0 kB
HugePages_Total:       0
HugePages_Free:        0
HugePages_Rsvd:        0
HugePages_Surp:        0
Hugepagesize:       2048 kB
Hugetlb:               0 kB
DirectMap4k:      258872 kB
DirectMap2M:    21757952 kB
DirectMap1G:    47185920 kB

/sys/kernel/mm/transparent_hugepage/enabled: always [madvise] never
/sys/kernel/mm/transparent_hugepage/defrag (defrag/compaction efforts parameter): always defer defer+madvise [madvise] never

Process Memory:
Virtual Size: 4591208K (peak: 4682536K)
Resident Set Size: 738684K (peak: 771616K) (anon: 541772K, file: 196912K, shmem: 0K)
Swapped out: 0K
C-Heap outstanding allocations: 38283K, retained: 10824K
glibc malloc tunables: (default)

/proc/sys/kernel/threads-max (system-wide limit on the number of threads): 514278
/proc/sys/vm/max_map_count (maximum number of memory map areas a process may have): 65530
/proc/sys/kernel/pid_max (system-wide limit on number of process identifiers): 4194304

container (cgroup) information:
container_type: cgroupv2
cpu_cpuset_cpus: not supported
cpu_memory_nodes: not supported
active_processor_count: 1
cpu_quota: 50000
cpu_period: 100000
cpu_shares: no shares
memory_limit_in_bytes: 1048576 k
memory_and_swap_limit_in_bytes: unlimited
memory_soft_limit_in_bytes: 524288 k
memory_usage_in_bytes: 625104 k
memory_max_usage_in_bytes: not supported
maximum number of tasks: not supported
current number of tasks: not supported

KVM virtualization detected
Steal ticks since vm start: 3747
Steal ticks percentage since vm start:  0.003

CPU: total 8 (initial active 1) (4 cores per cpu, 2 threads per core) family 6 model 79 stepping 0 microcode 0xffffffff, cx8, cmov, fxsr, ht, mmx, 3dnowpref, sse, sse2, sse3, ssse3, sse4.1, sse4.2, popcnt, lzcnt, tsc, tscinvbit, avx, avx2, aes, erms, clmul, bmi1, bmi2, rtm, adx, fma, vzeroupper, clflush, hv
CPU Model and flags from /proc/cpuinfo:
model name	: Intel(R) Xeon(R) CPU @ 2.20GHz
flags		: fpu vme de pse tsc msr pae mce cx8 apic sep mtrr pge mca cmov pat pse36 clflush mmx fxsr sse sse2 ss ht syscall nx pdpe1gb rdtscp lm constant_tsc rep_good nopl xtopology nonstop_tsc cpuid tsc_known_freq pni pclmulqdq ssse3 fma cx16 pcid sse4_1 sse4_2 x2apic movbe popcnt aes xsave avx f16c rdrand hypervisor lahf_lm abm 3dnowprefetch invpcid_single pti ssbd ibrs ibpb stibp fsgsbase tsc_adjust bmi1 hle avx2 smep bmi2 erms invpcid rtm rdseed adx smap xsaveopt arat md_clear arch_capabilities

Online cpus: 0-7
Offline cpus: 
BIOS frequency limitation: <Not Available>
Frequency switch latency (ns): <Not Available>
Available cpu frequencies: <Not Available>
Current governor: <Not Available>
Core performance/turbo boost: <Not Available>

Memory: 4k page, physical 1048576k(423456k free), swap 0k(0k free)
Page Sizes: 4k

vm_info: OpenJDK 64-Bit Server VM (17.0.5+8-jvmci-22.3-b08) for linux-amd64 JRE (17.0.5+8-jvmci-22.3-b08), built on Oct 19 2022 09:01:27 by "buildslave" with gcc 10.3.0

END.
